#
# A fatal error has been detected by the Java Runtime Environment:
#
#  Internal Error (jvmciRuntime.cpp:1609), pid=24, tid=38
#  fatal error: Fatal exception in JVMCI: Error calling jdk.vm.ci.services.Services.serializeSavedProperties
#
# JRE version: OpenJDK Runtime Environment GraalVM CE 22.3.0 (17.0.5+8) (build 17.0.5+8-jvmci-22.3-b08)
# Java VM: OpenJDK 64-Bit Server VM GraalVM CE 22.3.0 (17.0.5+8-jvmci-22.3-b08, mixed mode, sharing, tiered, jvmci, jvmci compiler, compressed oops, compressed class ptrs, parallel gc, linux-amd64)
# Problematic frame:
# V  [libjvm.so+0x972714]  JVMCIRuntime::fatal_exception(JVMCIEnv*, char const*)+0x74
#
# Core dump will be written. Default location: Core dumps may be processed with "/usr/share/apport/apport -p%p -s%s -c%c -d%d -P%P -u%u -g%g -- %E" (or dumping to /home/runner/JIRA-System-Design/core.24)
#
# If you would like to submit a bug report, please visit:
#   https://github.com/oracle/graal/issues
#

---------------  S U M M A R Y ------------

Command Line: -XX:ThreadPriorityPolicy=1 -XX:+UnlockExperimentalVMOptions -XX:+EnableJVMCIProduct -XX:JVMCIThreadsPerNativeLibraryRuntime=1 -XX:-UnlockExperimentalVMOptions -Declipse.application=org.eclipse.jdt.ls.core.id1 -Dosgi.bundles.defaultStartLevel=4 -Declipse.product=org.eclipse.jdt.ls.core.product -Dlog.level=ALL -Xverify:none -XX:+UseParallelGC -XX:GCTimeRatio=4 -XX:AdaptiveSizePolicyWeight=90 -Dsun.zip.disableMemoryMapping=true -Xmx512m -Xms100m /nix/store/m6gcpi1ii6rghy04cjwjddcavv7i90df-jdt-language-server-1.9.0/share/java/plugins/org.eclipse.equinox.launcher_1.6.400.v20210924-0641.jar --add-modules=ALL-SYSTEM --add-opens java.base/java.util=ALL-UNNAMED --add-opens java.base/java.lang=ALL-UNNAMED -configuration /home/runner/.cache/jdt-language-server/config -data /home/runner/.cache/jdt-language-server/data/home/runner/JIRA-System-Design

Host: AMD EPYC 7B12, 8 cores, 1G, Ubuntu 20.04.2 LTS
Time: Tue Jan 10 22:24:05 2023 UTC elapsed time: 763.071290 seconds (0d 0h 12m 43s)

---------------  T H R E A D  ---------------

Current thread (0x00007f39880b21e0):  JavaThread "JVMCI-native CompilerThread0" daemon [_thread_in_vm, id=38, stack(0x00007f396c918000,0x00007f396cb18000)]


Current CompileTask:
JVMCI-native: 763072 9003       4       org.eclipse.jdt.internal.compiler.util.CharArrayMap::get (38 bytes)

Stack: [0x00007f396c918000,0x00007f396cb18000],  sp=0x00007f396cb16380,  free space=2040k
Native frames: (J=compiled Java code, j=interpreted, Vv=VM code, C=native code)
V  [libjvm.so+0x972714]  JVMCIRuntime::fatal_exception(JVMCIEnv*, char const*)+0x74
V  [libjvm.so+0x93e2fe]  JVMCIEnv::copy_saved_properties()+0x14e
V  [libjvm.so+0x9732a9]  JVMCIRuntime::initialize(JVMCIEnv*)+0xb19
V  [libjvm.so+0x9738a2]  JVMCIRuntime::get_HotSpotJVMCIRuntime(JVMCIEnv*)+0x12
V  [libjvm.so+0x9749f2]  JVMCIRuntime::compile_method(JVMCIEnv*, JVMCICompiler*, methodHandle const&, int)+0xd2
V  [libjvm.so+0x5b0d20]  CompileBroker::invoke_compiler_on_method(CompileTask*)+0x1470
V  [libjvm.so+0x5b12e8]  CompileBroker::compiler_thread_loop()+0x528
V  [libjvm.so+0xd82460]  JavaThread::thread_main_inner()+0xd0
V  [libjvm.so+0xd85a40]  Thread::call_run()+0xc0
V  [libjvm.so+0xbdb1e1]  thread_native_entry(Thread*)+0xe1

Register to memory mapping:

RAX=0x00007f398c549000 points into unknown readable memory: 0x0000000000000058 | 58 00 00 00 00 00 00 00
RBX=0x00007f398d644398: <offset 0x0000000000ef5398> in /nix/store/gpxl5qgg8kicmcvivwmybwjlpf7wh20l-graalvm17-ce-22.3.0/lib/server/libjvm.so at 0x00007f398c74f000
RCX=0x00007f398d5fc1e8: <offset 0x0000000000ead1e8> in /nix/store/gpxl5qgg8kicmcvivwmybwjlpf7wh20l-graalvm17-ce-22.3.0/lib/server/libjvm.so at 0x00007f398c74f000
RDX=0x0000000000000649 is an unknown value
RSP=0x00007f396cb16380 is pointing into the stack for thread: 0x00007f39880b21e0
RBP=0x00007f396cb163a0 is pointing into the stack for thread: 0x00007f39880b21e0
RSI=0x00007f398d644c48: <offset 0x0000000000ef5c48> in /nix/store/gpxl5qgg8kicmcvivwmybwjlpf7wh20l-graalvm17-ce-22.3.0/lib/server/libjvm.so at 0x00007f398c74f000
RDI=0x00000000e0000000 is an oop: java.lang.String 
{0x00000000e0000000} - klass: 'java/lang/String'
 - string: "resolution"
R8 =0x00007f398d644398: <offset 0x0000000000ef5398> in /nix/store/gpxl5qgg8kicmcvivwmybwjlpf7wh20l-graalvm17-ce-22.3.0/lib/server/libjvm.so at 0x00007f398c74f000
R9 =0x00007f396cb16330 is pointing into the stack for thread: 0x00007f39880b21e0
R10=0x00007f396cb17948 is pointing into the stack for thread: 0x00007f39880b21e0
R11=0x0000000000000293 is an unknown value
R12=0x0 is NULL
R13=0x00007f39880b21e0 is a thread
R14=0x00007f3988000b80 points into unknown readable memory: 0x00007f398d875a38 | 38 5a 87 8d 39 7f 00 00
R15=0x00007f398d983e40: <offset 0x0000000001234e40> in /nix/store/gpxl5qgg8kicmcvivwmybwjlpf7wh20l-graalvm17-ce-22.3.0/lib/server/libjvm.so at 0x00007f398c74f000


Registers:
RAX=0x00007f398c549000, RBX=0x00007f398d644398, RCX=0x00007f398d5fc1e8, RDX=0x0000000000000649
RSP=0x00007f396cb16380, RBP=0x00007f396cb163a0, RSI=0x00007f398d644c48, RDI=0x00000000e0000000
R8 =0x00007f398d644398, R9 =0x00007f396cb16330, R10=0x00007f396cb17948, R11=0x0000000000000293
R12=0x0000000000000000, R13=0x00007f39880b21e0, R14=0x00007f3988000b80, R15=0x00007f398d983e40
RIP=0x00007f398d0c1714, EFLAGS=0x0000000000010206, CSGSFS=0x002b000000000033, ERR=0x0000000000000006
  TRAPNO=0x000000000000000e

Top of Stack: (sp=0x00007f396cb16380)
0x00007f396cb16380:   00007f396cb16940 00007f39880b21e0
0x00007f396cb16390:   00007f396e3588c8 0000000800c417a0
0x00007f396cb163a0:   00007f396cb16500 00007f398d08d2fe
0x00007f396cb163b0:   00007f396cb163e0 00007f396cb16440 

Instructions: (pc=0x00007f398d0c1714)
0x00007f398d0c1614:   30 e8 f6 cf e8 ff 4c 89 e7 e8 2e 48 d1 ff 84 db
0x00007f398d0c1624:   75 2a 4d 85 ed 74 04 4d 8b 6d 00 48 83 c4 08 44
0x00007f398d0c1634:   89 f9 4c 89 f2 4c 89 ee 5b 4c 89 e7 41 5c 41 5d
0x00007f398d0c1644:   41 5e 41 5f 5d e9 e2 47 d1 ff 66 90 48 83 c4 08
0x00007f398d0c1654:   5b 41 5c 41 5d 41 5e 41 5f 5d c3 90 31 d2 be 08
0x00007f398d0c1664:   00 00 00 4c 89 ff e8 b1 78 a3 ff 49 89 c5 e9 37
0x00007f398d0c1674:   ff ff ff 66 0f 1f 84 00 00 00 00 00 48 8b 7a 08
0x00007f398d0c1684:   e9 6d ff ff ff 0f 1f 80 00 00 00 00 e8 5b 48 0a
0x00007f398d0c1694:   00 84 c0 75 89 e9 6a ff ff ff 66 90 55 48 89 e5
0x00007f398d0c16a4:   41 56 41 55 41 54 49 89 fc 53 48 89 f3 66 48 8d
0x00007f398d0c16b4:   3d 27 5e 85 00 66 66 48 e8 df 43 8d ff 4c 8b 28
0x00007f398d0c16c4:   8b 05 be 72 8a 00 85 c0 75 14 ba 01 00 00 00 48
0x00007f398d0c16d4:   8d 0d ae 72 8a 00 f0 0f b1 11 85 c0 74 4e be c8
0x00007f398d0c16e4:   00 00 00 4c 89 ef e8 01 0b 41 00 48 8d 05 12 ac
0x00007f398d0c16f4:   85 00 49 89 d8 48 8d 0d e8 aa 53 00 ba 49 06 00
0x00007f398d0c1704:   00 48 8d 35 3c 35 58 00 bf 00 00 00 e0 48 8b 00
0x00007f398d0c1714:   c6 00 58 31 c0 e8 e2 91 c6 ff 5b 41 5c 41 5d 41
0x00007f398d0c1724:   5e 5d e9 55 34 26 00 0f 1f 44 00 00 48 8d 05 81
0x00007f398d0c1734:   a3 8b 00 48 89 df 4c 8b 30 e8 9e 43 8d ff 48 89
0x00007f398d0c1744:   de 48 89 c2 49 8b 06 4c 89 f7 ff 50 08 4c 89 f7
0x00007f398d0c1754:   e8 a7 5c 27 00 4d 85 e4 74 12 be 01 00 00 00 4c
0x00007f398d0c1764:   89 e7 e8 35 43 fc ff eb 82 0f 1f 00 be 01 00 00
0x00007f398d0c1774:   00 4c 89 ef e8 d3 fd ff ff e9 6d ff ff ff 66 66
0x00007f398d0c1784:   2e 0f 1f 84 00 00 00 00 00 0f 1f 00 55 48 89 e5
0x00007f398d0c1794:   41 57 41 56 41 55 41 54 53 48 81 ec 08 02 00 00
0x00007f398d0c17a4:   64 48 8b 04 25 28 00 00 00 48 89 45 c8 8b 07 83
0x00007f398d0c17b4:   f8 02 0f 84 11 04 00 00 4c 8b 6f 18 49 89 ff 49
0x00007f398d0c17c4:   89 f4 4d 85 ed 74 14 4c 89 ef e8 5d 57 22 00 41
0x00007f398d0c17d4:   8b 07 83 f8 02 0f 84 19 04 00 00 48 8d 1d 9a 06
0x00007f398d0c17e4:   8a 00 4c 8d 35 0b 3c 58 00 eb 38 90 48 85 d2 7f
0x00007f398d0c17f4:   0d 48 8d 05 b4 c0 85 00 48 83 38 00 7e 0e 41 8b
0x00007f398d0c1804:   77 2c 4c 89 f7 31 c0 e8 a0 b2 f7 ff 49 8b 7f 18 


Stack slot to memory mapping:
stack at sp + 0 slots: 0x00007f396cb16940 is pointing into the stack for thread: 0x00007f39880b21e0
stack at sp + 1 slots: 0x00007f39880b21e0 is a thread
stack at sp + 2 slots: 0x00007f396e3588c8 points into unknown readable memory: 0x6573001880c9ffff | ff ff c9 80 18 00 73 65
stack at sp + 3 slots: 0x0000000800c417a0 is a pointer to class: 
jdk.vm.ci.services.Services {0x0000000800c417a0}
 - instance size:     2
 - klass size:        65
 - access:            public final synchronized 
 - state:             fully_initialized
 - name:              'jdk/vm/ci/services/Services'
 - super:             'java/lang/Object'
 - sub:               
 - arrays:            NULL
 - methods:           Array<T>(0x00007f396d43dab8)
 - method ordering:   Array<T>(0x0000000800928960)
 - default_methods:   Array<T>(0x0000000000000000)
 - local interfaces:  Array<T>(0x00000008005ce810)
 - trans. interfaces: Array<T>(0x00000008005ce810)
 - constants:         constant pool [427] {0x00007f396d43cb98} for 'jdk/vm/ci/services/Services' cache=0x00007f396d43ed88
 - class loader data:  loader data: 0x00007f39880283f0 of 'bootstrap'
 - source file:       'Services.java'
 - class annotations:       Array<T>(0x0000000000000000)
 - class type annotations:  Array<T>(0x0000000000000000)
 - field annotations:       Array<T>(0x0000000000000000)
 - field type annotations:  Array<T>(0x0000000000000000)
 - inner classes:     Array<T>(0x00007f396d43ed58)
 - nest members:     Array<T>(0x00007f396d43ed78)
 - permitted subclasses:     Array<T>(0x00000008005ce7a0)
 - java mirror:       a 'java/lang/Class'{0x00000000e0148e40} = 'jdk/vm/ci/services/Services'
 - vtable length      5  (start addr: 0x0000000800c41970)
 - itable length      2 (start addr: 0x0000000800c41998)
 - ---- static fields (3 words):
 - public static final 'IS_BUILDING_NATIVE_IMAGE' 'Z' @128 
 - public static final 'IS_IN_NATIVE_IMAGE' 'Z' @129 
 - private static volatile 'savedProperties' 'Ljava/util/Map;' @112 
 - static final 'JVMCI_ENABLED' 'Z' @130 
 - private static final 'servicesCache' 'Ljava/util/Map;' @116 
 - private static final 'MAX_UNICODE_IN_UTF8_LENGTH' 'I' @120 
 - private static final 'MAX_UTF8_PROPERTY_STRING_LENGTH' 'I' @124 
 - ---- non-static fields (0 words):
 - non-static oop maps: 
stack at sp + 4 slots: 0x00007f396cb16500 is pointing into the stack for thread: 0x00007f39880b21e0
stack at sp + 5 slots: 0x00007f398d08d2fe: <offset 0x000000000093e2fe> in /nix/store/gpxl5qgg8kicmcvivwmybwjlpf7wh20l-graalvm17-ce-22.3.0/lib/server/libjvm.so at 0x00007f398c74f000
stack at sp + 6 slots: 0x00007f396cb163e0 is pointing into the stack for thread: 0x00007f39880b21e0
stack at sp + 7 slots: 0x00007f396cb16440 is pointing into the stack for thread: 0x00007f39880b21e0


---------------  P R O C E S S  ---------------

Threads class SMR info:
_java_thread_list=0x00007f38f015d030, length=29, elements={
0x00007f3988026690, 0x00007f39880a64d0, 0x00007f39880a7910, 0x00007f39880ae050,
0x00007f39880af400, 0x00007f39880b07f0, 0x00007f39880b21e0, 0x00007f39880b36f0,
0x00007f39880b4b40, 0x00007f39880e01a0, 0x00007f3988128750, 0x00007f398835bab0,
0x00007f398838ee10, 0x00007f39883914e0, 0x00007f39883e5e40, 0x00007f391c017000,
0x00007f391c2b0bd0, 0x00007f391c314d10, 0x00007f390c0010d0, 0x00007f391c4947f0,
0x00007f391c6747f0, 0x00007f3900001010, 0x00007f3988509950, 0x00007f39884f5780,
0x00007f38f00ec1f0, 0x00007f38f00ecba0, 0x00007f38f00ed640, 0x00007f38f0160ba0,
0x00007f38f0161120
}

Java Threads: ( => current thread )
  0x00007f3988026690 JavaThread "main" [_thread_blocked, id=30, stack(0x00007f398c56a000,0x00007f398c66a000)]
  0x00007f39880a64d0 JavaThread "Reference Handler" daemon [_thread_blocked, id=33, stack(0x00007f396d1fe000,0x00007f396d2fe000)]
  0x00007f39880a7910 JavaThread "Finalizer" daemon [_thread_blocked, id=34, stack(0x00007f396d0fe000,0x00007f396d1fe000)]
  0x00007f39880ae050 JavaThread "Signal Dispatcher" daemon [_thread_blocked, id=35, stack(0x00007f396cd18000,0x00007f396ce18000)]
  0x00007f39880af400 JavaThread "Service Thread" daemon [_thread_blocked, id=36, stack(0x00007f396cc18000,0x00007f396cd18000)]
  0x00007f39880b07f0 JavaThread "Monitor Deflation Thread" daemon [_thread_blocked, id=37, stack(0x00007f396cb18000,0x00007f396cc18000)]
=>0x00007f39880b21e0 JavaThread "JVMCI-native CompilerThread0" daemon [_thread_in_vm, id=38, stack(0x00007f396c918000,0x00007f396cb18000)]
  0x00007f39880b36f0 JavaThread "C1 CompilerThread0" daemon [_thread_blocked, id=39, stack(0x00007f396c718000,0x00007f396c918000)]
  0x00007f39880b4b40 JavaThread "Sweeper thread" daemon [_thread_blocked, id=40, stack(0x00007f396c618000,0x00007f396c718000)]
  0x00007f39880e01a0 JavaThread "Common-Cleaner" daemon [_thread_blocked, id=41, stack(0x00007f396c518000,0x00007f396c618000)]
  0x00007f3988128750 JavaThread "Notification Thread" daemon [_thread_blocked, id=42, stack(0x00007f396c418000,0x00007f396c518000)]
  0x00007f398835bab0 JavaThread "Active Thread: Equinox Container: 8246c5b5-699b-4fe5-ad9a-ab2b734f14e1" [_thread_blocked, id=52, stack(0x00007f3934900000,0x00007f3934a00000)]
  0x00007f398838ee10 JavaThread "Framework Event Dispatcher: Equinox Container: 8246c5b5-699b-4fe5-ad9a-ab2b734f14e1" daemon [_thread_blocked, id=53, stack(0x00007f3934700000,0x00007f3934800000)]
  0x00007f39883914e0 JavaThread "Start Level: Equinox Container: 8246c5b5-699b-4fe5-ad9a-ab2b734f14e1" daemon [_thread_blocked, id=54, stack(0x00007f3934500000,0x00007f3934600000)]
  0x00007f39883e5e40 JavaThread "Refresh Thread: Equinox Container: 8246c5b5-699b-4fe5-ad9a-ab2b734f14e1" daemon [_thread_blocked, id=58, stack(0x00007f3934300000,0x00007f3934400000)]
  0x00007f391c017000 JavaThread "SCR Component Actor" daemon [_thread_blocked, id=60, stack(0x00007f3934100000,0x00007f3934200000)]
  0x00007f391c2b0bd0 JavaThread "Worker-JM" [_thread_blocked, id=66, stack(0x00007f3933f00000,0x00007f3934000000)]
  0x00007f391c314d10 JavaThread "Worker-0: Periodic workspace save." [_thread_blocked, id=67, stack(0x00007f3933d00000,0x00007f3933e00000)]
  0x00007f390c0010d0 JavaThread "Worker-1: Compacting resource model" [_thread_blocked, id=68, stack(0x00007f3933b00000,0x00007f3933c00000)]
  0x00007f391c4947f0 JavaThread "Java indexing" daemon [_thread_blocked, id=69, stack(0x00007f3933900000,0x00007f3933a00000)]
  0x00007f391c6747f0 JavaThread "Bundle File Closer" daemon [_thread_blocked, id=86, stack(0x00007f3933700000,0x00007f3933800000)]
  0x00007f3900001010 JavaThread "Worker-2: Java indexing... " [_thread_blocked, id=90, stack(0x00007f3933500000,0x00007f3933600000)]
  0x00007f3988509950 JavaThread "pool-3-thread-1" [_thread_blocked, id=95, stack(0x00007f3934000000,0x00007f3934100000)]
  0x00007f39884f5780 JavaThread "pool-2-thread-1" [_thread_in_native, id=107, stack(0x00007f3933300000,0x00007f3933400000)]
  0x00007f38f00ec1f0 JavaThread "Thread-18" [_thread_blocked, id=419, stack(0x00007f3932b00000,0x00007f3932c00000)]
  0x00007f38f00ecba0 JavaThread "Thread-19" [_thread_blocked, id=420, stack(0x00007f3932a00000,0x00007f3932b00000)]
  0x00007f38f00ed640 JavaThread "Thread-20" [_thread_blocked, id=421, stack(0x00007f3932500000,0x00007f3932600000)]
  0x00007f38f0160ba0 JavaThread "Thread-21" [_thread_blocked, id=538, stack(0x00007f3933100000,0x00007f3933200000)]
  0x00007f38f0161120 JavaThread "Thread-25" [_thread_blocked, id=590, stack(0x00007f3932f00000,0x00007f3933000000)]

Other Threads:
  0x00007f39880a1c10 VMThread "VM Thread" [stack: 0x00007f396d300000,0x00007f396d400000] [id=32] _threads_hazard_ptr=0x00007f38f015d030
  0x00007f398812a0f0 WatcherThread [stack: 0x00007f396c318000,0x00007f396c418000] [id=43]
  0x00007f398803df30 GCTaskThread "GC Thread#0" [stack: 0x00007f398c12d000,0x00007f398c22d000] [id=31]

Threads with active compile tasks:
JVMCI-native CompilerThread0   763154 9003       4       org.eclipse.jdt.internal.compiler.util.CharArrayMap::get (38 bytes)

VM state: synchronizing (normal execution)

VM Mutex/Monitor currently owned by a thread:  ([mutex/lock_event])
[0x00007f3988023840] Threads_lock - owner thread: 0x00007f39880a1c10
[0x00007f3988023ff0] Heap_lock - owner thread: 0x00007f3900001010

OutOfMemory and StackOverflow Exception counts:
OutOfMemoryError java_heap_errors=3
LinkageErrors=52

Heap address: 0x00000000e0000000, size: 512 MB, Compressed Oops mode: 32-bit

CDS archive(s) mapped at: [0x0000000800000000-0x0000000800bc8000-0x0000000800bc8000), size 12353536, SharedBaseAddress: 0x0000000800000000, ArchiveRelocationMode: 0.
Compressed class space mapped at: 0x0000000800c00000-0x0000000840c00000, reserved size: 1073741824
Narrow klass base: 0x0000000800000000, Narrow klass shift: 0, Narrow klass range: 0x100000000

GC Precious Log:
 CPUs: 8 total, 1 available
 Memory: 1024M
 Large Page Support: Disabled
 NUMA Support: Disabled
 Compressed Oops: Enabled (32-bit)
 Alignments: Space 512K, Generation 512K, Heap 2M
 Heap Min Capacity: 100M
 Heap Initial Capacity: 100M
 Heap Max Capacity: 512M
 Pre-touch: Disabled
 Parallel Workers: 1

Heap:
 PSYoungGen      total 22016K, used 16384K [0x00000000f5580000, 0x00000000f7f80000, 0x0000000100000000)
  eden space 16384K, 100% used [0x00000000f5580000,0x00000000f6580000,0x00000000f6580000)
  from space 5632K, 0% used [0x00000000f6580000,0x00000000f6580000,0x00000000f6b00000)
  to   space 12288K, 0% used [0x00000000f7380000,0x00000000f7380000,0x00000000f7f80000)
 ParOldGen       total 349696K, used 349695K [0x00000000e0000000, 0x00000000f5580000, 0x00000000f5580000)
  object space 349696K, 99% used [0x00000000e0000000,0x00000000f557fe88,0x00000000f5580000)
 Metaspace       used 57933K, committed 58752K, reserved 1105920K
  class space    used 5675K, committed 6016K, reserved 1048576K

Card table byte_map: [0x00007f398c22d000,0x00007f398c32e000] _byte_map_base: 0x00007f398bb2d000

Marking Bits: (ParMarkBitMap*) 0x00007f398d97d4c0
 Begin Bits: [0x00007f396e4b3000, 0x00007f396ecb3000)
 End Bits:   [0x00007f396ecb3000, 0x00007f396f4b3000)

Polling page: 0x00007f398c547000

Metaspace:

Usage:
  Non-class:     51.03 MB used.
      Class:      5.54 MB used.
       Both:     56.58 MB used.

Virtual space:
  Non-class space:       56.00 MB reserved,      51.50 MB ( 92%) committed,  7 nodes.
      Class space:        1.00 GB reserved,       5.88 MB ( <1%) committed,  1 nodes.
             Both:        1.05 GB reserved,      57.38 MB (  5%) committed. 

Chunk freelists:
   Non-Class:  3.68 MB
       Class:  2.17 MB
        Both:  5.86 MB

MaxMetaspaceSize: unlimited
CompressedClassSpaceSize: 1.00 GB
Initial GC threshold: 21.00 MB
Current GC threshold: 95.56 MB
CDS: on
MetaspaceReclaimPolicy: balanced
 - commit_granule_bytes: 65536.
 - commit_granule_words: 8192.
 - virtual_space_node_default_size: 1048576.
 - enlarge_chunks_in_place: 1.
 - new_chunks_are_fully_committed: 0.
 - uncommit_free_chunks: 1.
 - use_allocation_guard: 0.
 - handle_deallocations: 1.


Internal statistics:

num_allocs_failed_limit: 6.
num_arena_births: 384.
num_arena_deaths: 80.
num_vsnodes_births: 8.
num_vsnodes_deaths: 0.
num_space_committed: 917.
num_space_uncommitted: 0.
num_chunks_returned_to_freelist: 110.
num_chunks_taken_from_freelist: 2639.
num_chunk_merges: 40.
num_chunk_splits: 1701.
num_chunks_enlarged: 1036.
num_purges: 18.
num_inconsistent_stats: 0.

CodeHeap 'non-profiled nmethods': size=120036Kb used=2561Kb max_used=2561Kb free=117474Kb
 bounds [0x00007f3976f7a000, 0x00007f397720a000, 0x00007f397e4b3000]
CodeHeap 'profiled nmethods': size=120032Kb used=15835Kb max_used=15835Kb free=104197Kb
 bounds [0x00007f396fa42000, 0x00007f39709c2000, 0x00007f3976f7a000]
CodeHeap 'non-nmethods': size=5692Kb used=1381Kb max_used=1407Kb free=4310Kb
 bounds [0x00007f396f4b3000, 0x00007f396f723000, 0x00007f396fa42000]
 total_blobs=7602 nmethods=6893 adapters=621
 compilation: enabled
              stopped_count=0, restarted_count=0
 full_count=0

JVMCI Events (20 events):
Event: 436.273 Thread 0x00007f39880b21e0 releasing handles for JVMCI runtime 0: oop handles=88, metadata handles={total=1088, live=1083, blocks=34}
Event: 436.273 Thread 0x00007f39880b21e0 detached from JVMCI runtime 0
Event: 462.999 Thread 0x00007f39880b21e0 attached to JVMCI runtime 0
Event: 463.002 Thread 0x00007f39880b21e0 created JavaVM[2]@0x00007f3931d9e340 for JVMCI runtime 0
Event: 463.002 Thread 0x00007f39880b21e0 initializing JVMCI runtime 0
Event: 463.002 Thread 0x00007f39880b21e0 done waiting for JavaVM references initialization in JVMCI runtime 0
Event: 570.460 Thread 0x00007f39880b21e0 initialized JVMCI runtime 0
Event: 573.081 Thread 0x00007f39880b21e0 compacted oop handles in JVMCI runtime 0 from 51 to 45
Event: 578.361 Thread 0x00007f39880b21e0 compacted oop handles in JVMCI runtime 0 from 86 to 85
Event: 579.758 Thread 0x00007f39880b21e0 detaching from JVMCI runtime 0: releasing idle compiler thread (0 other threads still attached)
Event: 579.758 Thread 0x00007f39880b21e0 shutting down HotSpotJVMCIRuntime for JVMCI runtime 0
Event: 579.758 Thread 0x00007f39880b21e0 shut down JVMCI runtime 0
Event: 581.152 Thread 0x00007f39880b21e0 destroyed JavaVM[2]@0x00007f3931d9e340 for JVMCI runtime 0
Event: 581.152 Thread 0x00007f39880b21e0 compacted oop handles in JVMCI runtime 0 from 85 to 85
Event: 581.152 Thread 0x00007f39880b21e0 releasing handles for JVMCI runtime 0: oop handles=85, metadata handles={total=170, live=164, blocks=34}
Event: 581.152 Thread 0x00007f39880b21e0 detached from JVMCI runtime 0
Event: 671.041 Thread 0x00007f39880b21e0 attached to JVMCI runtime 0
Event: 671.043 Thread 0x00007f39880b21e0 created JavaVM[3]@0x00007f3931d9e340 for JVMCI runtime 0
Event: 672.256 Thread 0x00007f39880b21e0 initializing JVMCI runtime 0
Event: 672.256 Thread 0x00007f39880b21e0 done waiting for JavaVM references initialization in JVMCI runtime 0

Compilation events (20 events):
Event: 373.974 Thread 0x00007f39880b36f0 8995       3       org.eclipse.core.internal.jobs.InternalJob::isConflicting (52 bytes)
Event: 373.975 Thread 0x00007f39880b36f0 nmethod 8995 0x00007f39709b6b10 code [0x00007f39709b6d00, 0x00007f39709b75c0]
Event: 373.975 Thread 0x00007f39880b21e0 nmethod 8840 0x00007f39771f3010 code [0x00007f39771f3180, 0x00007f39771f31d0]
Event: 373.975 Thread 0x00007f39880b21e0 8959       4       org.eclipse.jdt.internal.compiler.env.ITypeAnnotationWalker$1::toField (2 bytes)
Event: 373.976 Thread 0x00007f39880b21e0 nmethod 8959 0x00007f39771f3310 code [0x00007f39771f3480, 0x00007f39771f34c0]
Event: 373.976 Thread 0x00007f39880b21e0 8397 %     4       org.eclipse.jdt.internal.core.index.DiskIndex::writeAllDocumentNames @ 251 (512 bytes)
Event: 423.780 Thread 0x00007f39880b36f0 8996       3       sun.security.provider.SHA::resetHashes (41 bytes)
Event: 425.338 Thread 0x00007f39880b36f0 nmethod 8996 0x00007f39709b7710 code [0x00007f39709b78c0, 0x00007f39709b7a90]
Event: 434.672 Thread 0x00007f39880b21e0 nmethod 8397% 0x00007f39771f3610 code [0x00007f39771f38a0, 0x00007f39771f6d30]
Event: 462.999 Thread 0x00007f39880b21e0 8997       4       java.lang.String::regionMatches (150 bytes)
Event: 467.494 Thread 0x00007f39880b36f0 8998       3       java.util.concurrent.ThreadPoolExecutor::runStateAtLeast (11 bytes)
Event: 467.494 Thread 0x00007f39880b36f0 nmethod 8998 0x00007f3970353a10 code [0x00007f3970353ba0, 0x00007f3970353cf0]
Event: 566.557 Thread 0x00007f39880b36f0 9000       3       org.eclipse.core.internal.preferences.StringPool::add (59 bytes)
Event: 570.461 Thread 0x00007f39880b36f0 nmethod 9000 0x00007f39709b7c10 code [0x00007f39709b7e00, 0x00007f39709b87d0]
Event: 573.081 Thread 0x00007f39880b21e0 nmethod 8997 0x00007f39771f8a10 code [0x00007f39771f8c20, 0x00007f39771f91f8]
Event: 573.082 Thread 0x00007f39880b21e0 8999   !   4       org.eclipse.jdt.internal.core.Openable::exists (114 bytes)
Event: 578.361 Thread 0x00007f39880b21e0 nmethod 8999 0x00007f39771f9810 code [0x00007f39771f9a60, 0x00007f39771f9ff8]
Event: 579.758 Thread 0x00007f39880b36f0 9001       3       org.eclipse.jdt.internal.core.util.LRUCache::privateAdd (20 bytes)
Event: 579.758 Thread 0x00007f39880b36f0 nmethod 9001 0x00007f39709b8990 code [0x00007f39709b8b40, 0x00007f39709b8fc0]
Event: 671.041 Thread 0x00007f39880b21e0 9003       4       org.eclipse.jdt.internal.compiler.util.CharArrayMap::get (38 bytes)

GC Heap History (20 events):
Event: 746.627 GC heap before
{Heap before GC invocations=644 (full 475):
 PSYoungGen      total 22016K, used 16383K [0x00000000f5580000, 0x00000000f7f80000, 0x0000000100000000)
  eden space 16384K, 99% used [0x00000000f5580000,0x00000000f657fff0,0x00000000f6580000)
  from space 5632K, 0% used [0x00000000f6580000,0x00000000f6580000,0x00000000f6b00000)
  to   space 12288K, 0% used [0x00000000f7380000,0x00000000f7380000,0x00000000f7f80000)
 ParOldGen       total 349696K, used 349696K [0x00000000e0000000, 0x00000000f5580000, 0x00000000f5580000)
  object space 349696K, 100% used [0x00000000e0000000,0x00000000f5580000,0x00000000f5580000)
 Metaspace       used 57933K, committed 58752K, reserved 1105920K
  class space    used 5675K, committed 6016K, reserved 1048576K
}
Event: 748.255 GC heap after
{Heap after GC invocations=644 (full 475):
 PSYoungGen      total 28672K, used 16383K [0x00000000f5580000, 0x00000000f7f80000, 0x0000000100000000)
  eden space 16384K, 99% used [0x00000000f5580000,0x00000000f657fff0,0x00000000f6580000)
  from space 12288K, 0% used [0x00000000f7380000,0x00000000f7380000,0x00000000f7f80000)
  to   space 5632K, 0% used [0x00000000f6580000,0x00000000f6580000,0x00000000f6b00000)
 ParOldGen       total 349696K, used 349694K [0x00000000e0000000, 0x00000000f5580000, 0x00000000f5580000)
  object space 349696K, 99% used [0x00000000e0000000,0x00000000f557fa60,0x00000000f5580000)
 Metaspace       used 57933K, committed 58752K, reserved 1105920K
  class space    used 5675K, committed 6016K, reserved 1048576K
}
Event: 748.259 GC heap before
{Heap before GC invocations=645 (full 476):
 PSYoungGen      total 28672K, used 16383K [0x00000000f5580000, 0x00000000f7f80000, 0x0000000100000000)
  eden space 16384K, 99% used [0x00000000f5580000,0x00000000f657fff0,0x00000000f6580000)
  from space 12288K, 0% used [0x00000000f7380000,0x00000000f7380000,0x00000000f7f80000)
  to   space 5632K, 0% used [0x00000000f6580000,0x00000000f6580000,0x00000000f6b00000)
 ParOldGen       total 349696K, used 349695K [0x00000000e0000000, 0x00000000f5580000, 0x00000000f5580000)
  object space 349696K, 99% used [0x00000000e0000000,0x00000000f557fd30,0x00000000f5580000)
 Metaspace       used 57933K, committed 58752K, reserved 1105920K
  class space    used 5675K, committed 6016K, reserved 1048576K
}
Event: 749.982 GC heap after
{Heap after GC invocations=645 (full 476):
 PSYoungGen      total 22016K, used 16383K [0x00000000f5580000, 0x00000000f7f80000, 0x0000000100000000)
  eden space 16384K, 99% used [0x00000000f5580000,0x00000000f657fff0,0x00000000f6580000)
  from space 5632K, 0% used [0x00000000f6580000,0x00000000f6580000,0x00000000f6b00000)
  to   space 12288K, 0% used [0x00000000f7380000,0x00000000f7380000,0x00000000f7f80000)
 ParOldGen       total 349696K, used 349695K [0x00000000e0000000, 0x00000000f5580000, 0x00000000f5580000)
  object space 349696K, 99% used [0x00000000e0000000,0x00000000f557fc60,0x00000000f5580000)
 Metaspace       used 57933K, committed 58752K, reserved 1105920K
  class space    used 5675K, committed 6016K, reserved 1048576K
}
Event: 749.983 GC heap before
{Heap before GC invocations=646 (full 477):
 PSYoungGen      total 22016K, used 16383K [0x00000000f5580000, 0x00000000f7f80000, 0x0000000100000000)
  eden space 16384K, 99% used [0x00000000f5580000,0x00000000f657fff0,0x00000000f6580000)
  from space 5632K, 0% used [0x00000000f6580000,0x00000000f6580000,0x00000000f6b00000)
  to   space 12288K, 0% used [0x00000000f7380000,0x00000000f7380000,0x00000000f7f80000)
 ParOldGen       total 349696K, used 349695K [0x00000000e0000000, 0x00000000f5580000, 0x00000000f5580000)
  object space 349696K, 99% used [0x00000000e0000000,0x00000000f557ff30,0x00000000f5580000)
 Metaspace       used 57933K, committed 58752K, reserved 1105920K
  class space    used 5675K, committed 6016K, reserved 1048576K
}
Event: 751.489 GC heap after
{Heap after GC invocations=646 (full 477):
 PSYoungGen      total 28672K, used 16383K [0x00000000f5580000, 0x00000000f7f80000, 0x0000000100000000)
  eden space 16384K, 99% used [0x00000000f5580000,0x00000000f657fff0,0x00000000f6580000)
  from space 12288K, 0% used [0x00000000f7380000,0x00000000f7380000,0x00000000f7f80000)
  to   space 5632K, 0% used [0x00000000f6580000,0x00000000f6580000,0x00000000f6b00000)
 ParOldGen       total 349696K, used 349695K [0x00000000e0000000, 0x00000000f5580000, 0x00000000f5580000)
  object space 349696K, 99% used [0x00000000e0000000,0x00000000f557fcc0,0x00000000f5580000)
 Metaspace       used 57933K, committed 58752K, reserved 1105920K
  class space    used 5675K, committed 6016K, reserved 1048576K
}
Event: 751.498 GC heap before
{Heap before GC invocations=647 (full 478):
 PSYoungGen      total 28672K, used 16383K [0x00000000f5580000, 0x00000000f7f80000, 0x0000000100000000)
  eden space 16384K, 99% used [0x00000000f5580000,0x00000000f657fff0,0x00000000f6580000)
  from space 12288K, 0% used [0x00000000f7380000,0x00000000f7380000,0x00000000f7f80000)
  to   space 5632K, 0% used [0x00000000f6580000,0x00000000f6580000,0x00000000f6b00000)
 ParOldGen       total 349696K, used 349695K [0x00000000e0000000, 0x00000000f5580000, 0x00000000f5580000)
  object space 349696K, 99% used [0x00000000e0000000,0x00000000f557fff0,0x00000000f5580000)
 Metaspace       used 57933K, committed 58752K, reserved 1105920K
  class space    used 5675K, committed 6016K, reserved 1048576K
}
Event: 752.939 GC heap after
{Heap after GC invocations=647 (full 478):
 PSYoungGen      total 22016K, used 16383K [0x00000000f5580000, 0x00000000f7f80000, 0x0000000100000000)
  eden space 16384K, 99% used [0x00000000f5580000,0x00000000f657ffd0,0x00000000f6580000)
  from space 5632K, 0% used [0x00000000f6580000,0x00000000f6580000,0x00000000f6b00000)
  to   space 12288K, 0% used [0x00000000f7380000,0x00000000f7380000,0x00000000f7f80000)
 ParOldGen       total 349696K, used 349694K [0x00000000e0000000, 0x00000000f5580000, 0x00000000f5580000)
  object space 349696K, 99% used [0x00000000e0000000,0x00000000f557fa48,0x00000000f5580000)
 Metaspace       used 57933K, committed 58752K, reserved 1105920K
  class space    used 5675K, committed 6016K, reserved 1048576K
}
Event: 752.939 GC heap before
{Heap before GC invocations=648 (full 479):
 PSYoungGen      total 22016K, used 16383K [0x00000000f5580000, 0x00000000f7f80000, 0x0000000100000000)
  eden space 16384K, 99% used [0x00000000f5580000,0x00000000f657ffe8,0x00000000f6580000)
  from space 5632K, 0% used [0x00000000f6580000,0x00000000f6580000,0x00000000f6b00000)
  to   space 12288K, 0% used [0x00000000f7380000,0x00000000f7380000,0x00000000f7f80000)
 ParOldGen       total 349696K, used 349694K [0x00000000e0000000, 0x00000000f5580000, 0x00000000f5580000)
  object space 349696K, 99% used [0x00000000e0000000,0x00000000f557fa48,0x00000000f5580000)
 Metaspace       used 57933K, committed 58752K, reserved 1105920K
  class space    used 5675K, committed 6016K, reserved 1048576K
}
Event: 754.481 GC heap after
{Heap after GC invocations=648 (full 479):
 PSYoungGen      total 28672K, used 16383K [0x00000000f5580000, 0x00000000f7f80000, 0x0000000100000000)
  eden space 16384K, 99% used [0x00000000f5580000,0x00000000f657ffe8,0x00000000f6580000)
  from space 12288K, 0% used [0x00000000f7380000,0x00000000f7380000,0x00000000f7f80000)
  to   space 5632K, 0% used [0x00000000f6580000,0x00000000f6580000,0x00000000f6b00000)
 ParOldGen       total 349696K, used 349694K [0x00000000e0000000, 0x00000000f5580000, 0x00000000f5580000)
  object space 349696K, 99% used [0x00000000e0000000,0x00000000f557fa48,0x00000000f5580000)
 Metaspace       used 57933K, committed 58752K, reserved 1105920K
  class space    used 5675K, committed 6016K, reserved 1048576K
}
Event: 754.486 GC heap before
{Heap before GC invocations=649 (full 480):
 PSYoungGen      total 28672K, used 16384K [0x00000000f5580000, 0x00000000f7f80000, 0x0000000100000000)
  eden space 16384K, 100% used [0x00000000f5580000,0x00000000f6580000,0x00000000f6580000)
  from space 12288K, 0% used [0x00000000f7380000,0x00000000f7380000,0x00000000f7f80000)
  to   space 5632K, 0% used [0x00000000f6580000,0x00000000f6580000,0x00000000f6b00000)
 ParOldGen       total 349696K, used 349695K [0x00000000e0000000, 0x00000000f5580000, 0x00000000f5580000)
  object space 349696K, 99% used [0x00000000e0000000,0x00000000f557fe30,0x00000000f5580000)
 Metaspace       used 57933K, committed 58752K, reserved 1105920K
  class space    used 5675K, committed 6016K, reserved 1048576K
}
Event: 756.075 GC heap after
{Heap after GC invocations=649 (full 480):
 PSYoungGen      total 22016K, used 16383K [0x00000000f5580000, 0x00000000f7f80000, 0x0000000100000000)
  eden space 16384K, 99% used [0x00000000f5580000,0x00000000f657ffe8,0x00000000f6580000)
  from space 5632K, 0% used [0x00000000f6580000,0x00000000f6580000,0x00000000f6b00000)
  to   space 12288K, 0% used [0x00000000f7380000,0x00000000f7380000,0x00000000f7f80000)
 ParOldGen       total 349696K, used 349695K [0x00000000e0000000, 0x00000000f5580000, 0x00000000f5580000)
  object space 349696K, 99% used [0x00000000e0000000,0x00000000f557fdf0,0x00000000f5580000)
 Metaspace       used 57933K, committed 58752K, reserved 1105920K
  class space    used 5675K, committed 6016K, reserved 1048576K
}
Event: 756.075 GC heap before
{Heap before GC invocations=650 (full 481):
 PSYoungGen      total 22016K, used 16383K [0x00000000f5580000, 0x00000000f7f80000, 0x0000000100000000)
  eden space 16384K, 99% used [0x00000000f5580000,0x00000000f657ffe8,0x00000000f6580000)
  from space 5632K, 0% used [0x00000000f6580000,0x00000000f6580000,0x00000000f6b00000)
  to   space 12288K, 0% used [0x00000000f7380000,0x00000000f7380000,0x00000000f7f80000)
 ParOldGen       total 349696K, used 349695K [0x00000000e0000000, 0x00000000f5580000, 0x00000000f5580000)
  object space 349696K, 99% used [0x00000000e0000000,0x00000000f557fdf0,0x00000000f5580000)
 Metaspace       used 57933K, committed 58752K, reserved 1105920K
  class space    used 5675K, committed 6016K, reserved 1048576K
}
Event: 757.892 GC heap after
{Heap after GC invocations=650 (full 481):
 PSYoungGen      total 28672K, used 16383K [0x00000000f5580000, 0x00000000f7f80000, 0x0000000100000000)
  eden space 16384K, 99% used [0x00000000f5580000,0x00000000f657ffe8,0x00000000f6580000)
  from space 12288K, 0% used [0x00000000f7380000,0x00000000f7380000,0x00000000f7f80000)
  to   space 5632K, 0% used [0x00000000f6580000,0x00000000f6580000,0x00000000f6b00000)
 ParOldGen       total 349696K, used 349695K [0x00000000e0000000, 0x00000000f5580000, 0x00000000f5580000)
  object space 349696K, 99% used [0x00000000e0000000,0x00000000f557fdf0,0x00000000f5580000)
 Metaspace       used 57933K, committed 58752K, reserved 1105920K
  class space    used 5675K, committed 6016K, reserved 1048576K
}
Event: 757.892 GC heap before
{Heap before GC invocations=651 (full 482):
 PSYoungGen      total 28672K, used 16383K [0x00000000f5580000, 0x00000000f7f80000, 0x0000000100000000)
  eden space 16384K, 99% used [0x00000000f5580000,0x00000000f657ffe8,0x00000000f6580000)
  from space 12288K, 0% used [0x00000000f7380000,0x00000000f7380000,0x00000000f7f80000)
  to   space 5632K, 0% used [0x00000000f6580000,0x00000000f6580000,0x00000000f6b00000)
 ParOldGen       total 349696K, used 349695K [0x00000000e0000000, 0x00000000f5580000, 0x00000000f5580000)
  object space 349696K, 99% used [0x00000000e0000000,0x00000000f557fdf0,0x00000000f5580000)
 Metaspace       used 57933K, committed 58752K, reserved 1105920K
  class space    used 5675K, committed 6016K, reserved 1048576K
}
Event: 759.566 GC heap after
{Heap after GC invocations=651 (full 482):
 PSYoungGen      total 22016K, used 16383K [0x00000000f5580000, 0x00000000f7f80000, 0x0000000100000000)
  eden space 16384K, 99% used [0x00000000f5580000,0x00000000f657ffe8,0x00000000f6580000)
  from space 5632K, 0% used [0x00000000f6580000,0x00000000f6580000,0x00000000f6b00000)
  to   space 12288K, 0% used [0x00000000f7380000,0x00000000f7380000,0x00000000f7f80000)
 ParOldGen       total 349696K, used 349694K [0x00000000e0000000, 0x00000000f5580000, 0x00000000f5580000)
  object space 349696K, 99% used [0x00000000e0000000,0x00000000f557f850,0x00000000f5580000)
 Metaspace       used 57933K, committed 58752K, reserved 1105920K
  class space    used 5675K, committed 6016K, reserved 1048576K
}
Event: 759.568 GC heap before
{Heap before GC invocations=652 (full 483):
 PSYoungGen      total 22016K, used 16384K [0x00000000f5580000, 0x00000000f7f80000, 0x0000000100000000)
  eden space 16384K, 100% used [0x00000000f5580000,0x00000000f6580000,0x00000000f6580000)
  from space 5632K, 0% used [0x00000000f6580000,0x00000000f6580000,0x00000000f6b00000)
  to   space 12288K, 0% used [0x00000000f7380000,0x00000000f7380000,0x00000000f7f80000)
 ParOldGen       total 349696K, used 349695K [0x00000000e0000000, 0x00000000f5580000, 0x00000000f5580000)
  object space 349696K, 99% used [0x00000000e0000000,0x00000000f557fc40,0x00000000f5580000)
 Metaspace       used 57933K, committed 58752K, reserved 1105920K
  class space    used 5675K, committed 6016K, reserved 1048576K
}
Event: 761.444 GC heap after
{Heap after GC invocations=652 (full 483):
 PSYoungGen      total 28672K, used 16384K [0x00000000f5580000, 0x00000000f7f80000, 0x0000000100000000)
  eden space 16384K, 100% used [0x00000000f5580000,0x00000000f6580000,0x00000000f6580000)
  from space 12288K, 0% used [0x00000000f7380000,0x00000000f7380000,0x00000000f7f80000)
  to   space 5632K, 0% used [0x00000000f6580000,0x00000000f6580000,0x00000000f6b00000)
 ParOldGen       total 349696K, used 349694K [0x00000000e0000000, 0x00000000f5580000, 0x00000000f5580000)
  object space 349696K, 99% used [0x00000000e0000000,0x00000000f557fad8,0x00000000f5580000)
 Metaspace       used 57933K, committed 58752K, reserved 1105920K
  class space    used 5675K, committed 6016K, reserved 1048576K
}
Event: 761.444 GC heap before
{Heap before GC invocations=653 (full 484):
 PSYoungGen      total 28672K, used 16384K [0x00000000f5580000, 0x00000000f7f80000, 0x0000000100000000)
  eden space 16384K, 100% used [0x00000000f5580000,0x00000000f6580000,0x00000000f6580000)
  from space 12288K, 0% used [0x00000000f7380000,0x00000000f7380000,0x00000000f7f80000)
  to   space 5632K, 0% used [0x00000000f6580000,0x00000000f6580000,0x00000000f6b00000)
 ParOldGen       total 349696K, used 349694K [0x00000000e0000000, 0x00000000f5580000, 0x00000000f5580000)
  object space 349696K, 99% used [0x00000000e0000000,0x00000000f557fad8,0x00000000f5580000)
 Metaspace       used 57933K, committed 58752K, reserved 1105920K
  class space    used 5675K, committed 6016K, reserved 1048576K
}
Event: 763.060 GC heap after
{Heap after GC invocations=653 (full 484):
 PSYoungGen      total 22016K, used 16384K [0x00000000f5580000, 0x00000000f7f80000, 0x0000000100000000)
  eden space 16384K, 100% used [0x00000000f5580000,0x00000000f6580000,0x00000000f6580000)
  from space 5632K, 0% used [0x00000000f6580000,0x00000000f6580000,0x00000000f6b00000)
  to   space 12288K, 0% used [0x00000000f7380000,0x00000000f7380000,0x00000000f7f80000)
 ParOldGen       total 349696K, used 349694K [0x00000000e0000000, 0x00000000f5580000, 0x00000000f5580000)
  object space 349696K, 99% used [0x00000000e0000000,0x00000000f557fad8,0x00000000f5580000)
 Metaspace       used 57933K, committed 58752K, reserved 1105920K
  class space    used 5675K, committed 6016K, reserved 1048576K
}

Dll operation events (9 events):
Event: 0.002 Loaded shared library /nix/store/gpxl5qgg8kicmcvivwmybwjlpf7wh20l-graalvm17-ce-22.3.0/lib/libjava.so
Event: 0.009 Loaded shared library /nix/store/gpxl5qgg8kicmcvivwmybwjlpf7wh20l-graalvm17-ce-22.3.0/lib/libjsvml.so
Event: 0.243 Loaded shared library /nix/store/gpxl5qgg8kicmcvivwmybwjlpf7wh20l-graalvm17-ce-22.3.0/lib/libnio.so
Event: 0.249 Loaded shared library /nix/store/gpxl5qgg8kicmcvivwmybwjlpf7wh20l-graalvm17-ce-22.3.0/lib/libzip.so
Event: 0.253 Loaded shared library /nix/store/gpxl5qgg8kicmcvivwmybwjlpf7wh20l-graalvm17-ce-22.3.0/lib/libjvmcicompiler.so
Event: 0.657 Loaded shared library /nix/store/gpxl5qgg8kicmcvivwmybwjlpf7wh20l-graalvm17-ce-22.3.0/lib/libjimage.so
Event: 1.254 Loaded shared library /nix/store/gpxl5qgg8kicmcvivwmybwjlpf7wh20l-graalvm17-ce-22.3.0/lib/libnet.so
Event: 5.243 Loaded shared library /home/runner/.cache/jdt-language-server/config/org.eclipse.equinox.launcher/org.eclipse.equinox.launcher.gtk.linux.x86_64_1.2.400.v20211117-0650/eclipse_11600.so
Event: 19.855 Loaded shared library /nix/store/gpxl5qgg8kicmcvivwmybwjlpf7wh20l-graalvm17-ce-22.3.0/lib/libextnet.so

Deoptimization events (20 events):
Event: 88.634 Thread 0x00007f391c314d10 DEOPT PACKING pc=0x00007f396fa6d69e sp=0x00007f3933dfcc90
Event: 88.634 Thread 0x00007f391c314d10 DEOPT UNPACKING pc=0x00007f396f505325 sp=0x00007f3933dfc158 mode 0
Event: 207.342 Thread 0x00007f38f00ed640 DEOPT PACKING pc=0x00007f397097b34d sp=0x00007f39325fd1c0
Event: 207.342 Thread 0x00007f38f00ed640 DEOPT UNPACKING pc=0x00007f396f505325 sp=0x00007f39325fc658 mode 0
Event: 225.182 Thread 0x00007f38f00ed640 DEOPT PACKING pc=0x00007f39705c6f80 sp=0x00007f39325fd530
Event: 225.182 Thread 0x00007f38f00ed640 DEOPT UNPACKING pc=0x00007f396f505325 sp=0x00007f39325fca88 mode 0
Event: 383.158 Thread 0x00007f390c0010d0 Uncommon trap: trap_request=0xffffffed fr.pc=0x00007f39770b0948 relative=0x00000000000000c8
Event: 383.158 Thread 0x00007f390c0010d0 Uncommon trap: reason=null_assert_or_unreached0 action=reinterpret pc=0x00007f39770b0948 method=org.eclipse.core.internal.jobs.InternalJob.getState()I @ 4 jvmci
Event: 383.158 Thread 0x00007f390c0010d0 DEOPT PACKING pc=0x00007f39770b0948 sp=0x00007f3933bfe5a0
Event: 383.158 Thread 0x00007f390c0010d0 DEOPT UNPACKING pc=0x00007f396f505325 sp=0x00007f3933bfda30 mode 3
Event: 470.473 Thread 0x00007f38f0161120 DEOPT PACKING pc=0x00007f396ffdc53a sp=0x00007f3932ffd4b0
Event: 470.473 Thread 0x00007f38f0161120 DEOPT UNPACKING pc=0x00007f396f505325 sp=0x00007f3932ffc8e8 mode 0
Event: 746.626 Thread 0x00007f3900001010 Uncommon trap: trap_request=0xffffff8f fr.pc=0x00007f39771e7296 relative=0x0000000000000536
Event: 746.626 Thread 0x00007f3900001010 Uncommon trap: reason=constraint action=none pc=0x00007f39771e7296 method=java.lang.AbstractStringBuilder.<init>(Ljava/lang/String;)V @ 37 jvmci
Event: 746.626 Thread 0x00007f3900001010 DEOPT PACKING pc=0x00007f39771e7296 sp=0x00007f39335fe7f0
Event: 746.626 Thread 0x00007f3900001010 DEOPT UNPACKING pc=0x00007f396f505325 sp=0x00007f39335fdcb0 mode 3
Event: 757.892 Thread 0x00007f391c4947f0 Uncommon trap: trap_request=0xffffff8f fr.pc=0x00007f39771cda22 relative=0x00000000000011e2
Event: 757.892 Thread 0x00007f391c4947f0 Uncommon trap: reason=constraint action=none pc=0x00007f39771cda22 method=org.eclipse.jdt.internal.core.index.DiskIndex.copyQueryResults(Lorg/eclipse/jdt/internal/compiler/util/HashtableOfObject;I)V @ 123 jvmci
Event: 757.892 Thread 0x00007f391c4947f0 DEOPT PACKING pc=0x00007f39771cda22 sp=0x00007f39339fe530
Event: 757.892 Thread 0x00007f391c4947f0 DEOPT UNPACKING pc=0x00007f396f505325 sp=0x00007f39339fda28 mode 3

Classes unloaded (20 events):
Event: 174.347 Thread 0x00007f39880a1c10 Unloading class 0x0000000800f10400 'jdk/internal/reflect/GeneratedConstructorAccessor11'
Event: 174.347 Thread 0x00007f39880a1c10 Unloading class 0x0000000800f10000 'jdk/internal/reflect/GeneratedConstructorAccessor10'
Event: 180.658 Thread 0x00007f39880a1c10 Unloading class 0x0000000800d04000 'java/lang/invoke/LambdaForm$MH+0x0000000800d04000'
Event: 190.175 Thread 0x00007f39880a1c10 Unloading class 0x0000000801085400 'jdk/internal/reflect/GeneratedSerializationConstructorAccessor4'
Event: 190.175 Thread 0x00007f39880a1c10 Unloading class 0x0000000801085000 'jdk/internal/reflect/GeneratedSerializationConstructorAccessor3'
Event: 190.175 Thread 0x00007f39880a1c10 Unloading class 0x0000000801084c00 'jdk/internal/reflect/GeneratedSerializationConstructorAccessor2'
Event: 190.175 Thread 0x00007f39880a1c10 Unloading class 0x0000000801084400 'jdk/internal/reflect/GeneratedSerializationConstructorAccessor1'
Event: 197.633 Thread 0x00007f39880a1c10 Unloading class 0x00000008010f0c00 'jdk/internal/reflect/GeneratedConstructorAccessor33'
Event: 197.633 Thread 0x00007f39880a1c10 Unloading class 0x00000008010f0800 'jdk/internal/reflect/GeneratedConstructorAccessor32'
Event: 197.633 Thread 0x00007f39880a1c10 Unloading class 0x00000008010f0400 'jdk/internal/reflect/GeneratedConstructorAccessor31'
Event: 197.633 Thread 0x00007f39880a1c10 Unloading class 0x00000008010f0000 'jdk/internal/reflect/GeneratedConstructorAccessor30'
Event: 197.633 Thread 0x00007f39880a1c10 Unloading class 0x00000008010e8c00 'jdk/internal/reflect/GeneratedConstructorAccessor29'
Event: 202.062 Thread 0x00007f39880a1c10 Unloading class 0x0000000801065400 'java/lang/invoke/LambdaForm$MH+0x0000000801065400'
Event: 202.062 Thread 0x00007f39880a1c10 Unloading class 0x0000000801065000 'java/lang/invoke/LambdaForm$MH+0x0000000801065000'
Event: 202.062 Thread 0x00007f39880a1c10 Unloading class 0x0000000801064c00 'java/lang/invoke/LambdaForm$MH+0x0000000801064c00'
Event: 202.062 Thread 0x00007f39880a1c10 Unloading class 0x0000000801064800 'java/lang/invoke/LambdaForm$MH+0x0000000801064800'
Event: 202.062 Thread 0x00007f39880a1c10 Unloading class 0x0000000801064400 'java/lang/invoke/LambdaForm$MH+0x0000000801064400'
Event: 202.062 Thread 0x00007f39880a1c10 Unloading class 0x0000000801064000 'java/lang/invoke/LambdaForm$MH+0x0000000801064000'
Event: 202.062 Thread 0x00007f39880a1c10 Unloading class 0x0000000800d98400 'java/lang/invoke/LambdaForm$MH+0x0000000800d98400'
Event: 369.773 Thread 0x00007f39880a1c10 Unloading class 0x00000008011cc800 'jdk/internal/reflect/GeneratedConstructorAccessor38'

Classes redefined (0 events):
No events

Internal exceptions (20 events):
Event: 41.340 Thread 0x00007f38e801ff70 Exception <a 'java/lang/NoSuchMethodError'{0x00000000f5b8bc98}: 'int java.lang.invoke.DirectMethodHandle$Holder.invokeVirtual(java.lang.Object, java.lang.Object)'> (0x00000000f5b8bc98) 
thrown [src/hotspot/share/interpreter/linkResolver.cpp, line 758]
Event: 41.442 Thread 0x00007f38e801ff70 Implicit null exception at 0x00007f39770d2c69 to 0x00007f39770d2e1b
Event: 41.445 Thread 0x00007f38f016f250 Exception <a 'java/lang/NoSuchMethodError'{0x00000000f55dcfa8}: 'int java.lang.invoke.DirectMethodHandle$Holder.invokeVirtual(java.lang.Object, java.lang.Object, java.lang.Object)'> (0x00000000f55dcfa8) 
thrown [src/hotspot/share/interpreter/linkResolver.cpp, line 758]
Event: 41.445 Thread 0x00007f38e801ff70 Exception <a 'java/lang/NoSuchMethodError'{0x00000000f5640e40}: 'int java.lang.invoke.DirectMethodHandle$Holder.invokeVirtual(java.lang.Object, java.lang.Object, java.lang.Object)'> (0x00000000f5640e40) 
thrown [src/hotspot/share/interpreter/linkResolver.cpp, line 758]
Event: 41.734 Thread 0x00007f38e801ff70 Exception <a 'sun/nio/fs/UnixException'{0x00000000f56f4e98}> (0x00000000f56f4e98) 
thrown [src/hotspot/share/prims/jni.cpp, line 516]
Event: 42.250 Thread 0x00007f38e801ff70 Exception <a 'sun/nio/fs/UnixException'{0x00000000f574ee78}> (0x00000000f574ee78) 
thrown [src/hotspot/share/prims/jni.cpp, line 516]
Event: 42.339 Thread 0x00007f38f016f250 Implicit null exception at 0x00007f39770c4a3f to 0x00007f39770c4b83
Event: 42.345 Thread 0x00007f38e801ff70 Exception <a 'sun/nio/fs/UnixException'{0x00000000f5987ff0}> (0x00000000f5987ff0) 
thrown [src/hotspot/share/prims/jni.cpp, line 516]
Event: 42.459 Thread 0x00007f38e801ff70 Exception <a 'sun/nio/fs/UnixException'{0x00000000f56280f0}> (0x00000000f56280f0) 
thrown [src/hotspot/share/prims/jni.cpp, line 516]
Event: 44.336 Thread 0x00007f38f016f250 Exception <a 'java/lang/NoSuchMethodError'{0x00000000f573b388}: 'java.lang.Object java.lang.invoke.DirectMethodHandle$Holder.invokeStatic(java.lang.Object, int, java.lang.Object, java.lang.Object, java.lang.Object, java.lang.Object)'> (0x00000000f573b388) 
thrown [src/hotspot/share/interpreter/linkResolver.cpp, line 758]
Event: 44.633 Thread 0x00007f38f016f250 Exception <a 'java/lang/ClassNotFoundException'{0x00000000f5830a60}: sun/util/logging/resources/spi/loggingProvider> (0x00000000f5830a60) 
thrown [src/hotspot/share/classfile/systemDictionary.cpp, line 256]
Event: 45.548 Thread 0x00007f38f0177310 Exception <a 'java/lang/NoSuchMethodError'{0x00000000f588cdf0}: 'void java.lang.invoke.DirectMethodHandle$Holder.invokeSpecial(java.lang.Object, java.lang.Object, int)'> (0x00000000f588cdf0) 
thrown [src/hotspot/share/interpreter/linkResolver.cpp, line 758]
Event: 45.740 Thread 0x00007f38f0176220 Exception <a 'java/lang/ArrayIndexOutOfBoundsException'{0x00000000f581c0f0}: Index 409 out of bounds for length 409> (0x00000000f581c0f0) 
thrown [src/hotspot/share/interpreter/interpreterRuntime.cpp, line 428]
Event: 47.230 Thread 0x00007f38f0177310 Exception <a 'java/lang/NoSuchMethodError'{0x00000000f5598558}: 'int java.lang.invoke.DirectMethodHandle$Holder.invokeSpecialIFC(java.lang.Object, java.lang.Object, java.lang.Object, java.lang.Object)'> (0x00000000f5598558) 
thrown [src/hotspot/share/interpreter/linkResolver.cpp, line 758]
Event: 81.739 Thread 0x00007f38f00ec1f0 Exception <a 'java/io/FileNotFoundException'{0x00000000f63f0b38}> (0x00000000f63f0b38) 
thrown [src/hotspot/share/prims/jni.cpp, line 516]
Event: 746.626 Thread 0x00007f3900001010 Exception <a 'java/lang/OutOfMemoryError'{0x00000000e0004bd0}> (0x00000000e0004bd0) 
thrown [src/hotspot/share/gc/shared/memAllocator.cpp, line 138]
Event: 746.626 Thread 0x00007f3900001010 Implicit null exception at 0x00007f39771e70bf to 0x00007f39771e727b
Event: 757.892 Thread 0x00007f391c4947f0 Exception <a 'java/lang/OutOfMemoryError'{0x00000000e0004630}> (0x00000000e0004630) 
thrown [src/hotspot/share/gc/shared/memAllocator.cpp, line 138]
Event: 757.892 Thread 0x00007f391c4947f0 Implicit null exception at 0x00007f39771cd48e to 0x00007f39771cda07
Event: 763.061 Thread 0x00007f39880b21e0 Exception <a 'java/lang/OutOfMemoryError'{0x00000000e00043b0}> (0x00000000e00043b0) 
thrown [src/hotspot/share/gc/shared/memAllocator.cpp, line 136]

VM Operations (20 events):
Event: 742.200 Executing VM operation: ParallelGCFailedAllocation
Event: 743.652 Executing VM operation: ParallelGCFailedAllocation done
Event: 743.654 Executing VM operation: ParallelGCFailedAllocation
Event: 746.626 Executing VM operation: ParallelGCFailedAllocation done
Event: 746.626 Executing VM operation: ParallelGCFailedAllocation
Event: 748.259 Executing VM operation: ParallelGCFailedAllocation done
Event: 748.259 Executing VM operation: ParallelGCFailedAllocation
Event: 749.982 Executing VM operation: ParallelGCFailedAllocation done
Event: 749.983 Executing VM operation: ParallelGCFailedAllocation
Event: 751.489 Executing VM operation: ParallelGCFailedAllocation done
Event: 751.489 Executing VM operation: ParallelGCFailedAllocation
Event: 752.939 Executing VM operation: ParallelGCFailedAllocation done
Event: 752.939 Executing VM operation: ParallelGCFailedAllocation
Event: 754.481 Executing VM operation: ParallelGCFailedAllocation done
Event: 754.482 Executing VM operation: ParallelGCFailedAllocation
Event: 757.892 Executing VM operation: ParallelGCFailedAllocation done
Event: 757.892 Executing VM operation: ParallelGCFailedAllocation
Event: 759.567 Executing VM operation: ParallelGCFailedAllocation done
Event: 759.568 Executing VM operation: ParallelGCFailedAllocation
Event: 763.060 Executing VM operation: ParallelGCFailedAllocation done

Events (20 events):
Event: 98.947 Thread 0x00007f38f00ed640 Thread added: 0x00007f38f00ed640
Event: 98.947 Protecting memory [0x00007f3932500000,0x00007f3932504000] with protection modes 0
Event: 109.649 Thread 0x00007f38d8061de0 Thread exited: 0x00007f38d8061de0
Event: 164.830 Thread 0x00007f38e801ff70 Thread exited: 0x00007f38e801ff70
Event: 164.830 Thread 0x00007f38f4000ff0 Thread exited: 0x00007f38f4000ff0
Event: 164.840 Thread 0x00007f38fc001130 Thread exited: 0x00007f38fc001130
Event: 176.444 Thread 0x00007f38f0160ba0 Thread added: 0x00007f38f0160ba0
Event: 176.452 Protecting memory [0x00007f3933100000,0x00007f3933104000] with protection modes 0
Event: 178.042 Thread 0x00007f38f0161120 Thread added: 0x00007f38f0161120
Event: 178.042 Protecting memory [0x00007f3932f00000,0x00007f3932f04000] with protection modes 0
Event: 183.062 Thread 0x00007f38f0161120 Thread exited: 0x00007f38f0161120
Event: 190.845 Thread 0x00007f38f0161120 Thread added: 0x00007f38f0161120
Event: 190.845 Protecting memory [0x00007f3932f00000,0x00007f3932f04000] with protection modes 0
Event: 201.152 Thread 0x00007f38f0161120 Thread exited: 0x00007f38f0161120
Event: 202.582 Thread 0x00007f38f0161120 Thread added: 0x00007f38f0161120
Event: 202.630 Protecting memory [0x00007f3932f00000,0x00007f3932f04000] with protection modes 0
Event: 204.249 Thread 0x00007f38f0161120 Thread exited: 0x00007f38f0161120
Event: 207.340 Thread 0x00007f38f0161120 Thread added: 0x00007f38f0161120
Event: 207.340 Protecting memory [0x00007f3932f00000,0x00007f3932f04000] with protection modes 0
Event: 437.835 Thread 0x00007f39880b4b40 flushing nmethod 0x00007f3970353510


Dynamic libraries:
e0000000-f5580000 rw-p 00000000 00:00 0 
f5580000-f7f80000 rw-p 00000000 00:00 0 
f7f80000-100000000 ---p 00000000 00:00 0 
800000000-800449000 rw-p 00001000 00:1e6a 9223372037562745673            /nix/store/gpxl5qgg8kicmcvivwmybwjlpf7wh20l-graalvm17-ce-22.3.0/lib/server/classes.jsa
800449000-800bc8000 r--p 0044a000 00:1e6a 9223372037562745673            /nix/store/gpxl5qgg8kicmcvivwmybwjlpf7wh20l-graalvm17-ce-22.3.0/lib/server/classes.jsa
800bc8000-800c00000 ---p 00000000 00:00 0 
800c00000-800c20000 rw-p 00000000 00:00 0 
800c20000-800c40000 rw-p 00000000 00:00 0 
800c40000-800cc0000 rw-p 00000000 00:00 0 
800cc0000-800d00000 rw-p 00000000 00:00 0 
800d00000-800dc0000 rw-p 00000000 00:00 0 
800dc0000-800e00000 rw-p 00000000 00:00 0 
800e00000-800f40000 rw-p 00000000 00:00 0 
800f40000-800f80000 rw-p 00000000 00:00 0 
800f80000-800fc0000 rw-p 00000000 00:00 0 
800fc0000-801000000 rw-p 00000000 00:00 0 
801000000-8011e0000 rw-p 00000000 00:00 0 
8011e0000-840c00000 ---p 00000000 00:00 0 
55e8124dc000-55e8124dd000 r-xp 00000000 00:1e6a 9223372037526805748      /nix/store/gpxl5qgg8kicmcvivwmybwjlpf7wh20l-graalvm17-ce-22.3.0/bin/.java-wrapped
55e8124de000-55e8124df000 r--p 00001000 00:1e6a 9223372037526805748      /nix/store/gpxl5qgg8kicmcvivwmybwjlpf7wh20l-graalvm17-ce-22.3.0/bin/.java-wrapped
55e8124df000-55e8124e0000 rw-p 00002000 00:1e6a 9223372037526805748      /nix/store/gpxl5qgg8kicmcvivwmybwjlpf7wh20l-graalvm17-ce-22.3.0/bin/.java-wrapped
55e8124e0000-55e8124e1000 rw-p 00004000 00:1e6a 9223372037526805748      /nix/store/gpxl5qgg8kicmcvivwmybwjlpf7wh20l-graalvm17-ce-22.3.0/bin/.java-wrapped
55e8124e1000-55e8124e2000 rw-p 00005000 00:1e6a 9223372037526805748      /nix/store/gpxl5qgg8kicmcvivwmybwjlpf7wh20l-graalvm17-ce-22.3.0/bin/.java-wrapped
55e814071000-55e8140b9000 rw-p 00000000 00:00 0                          [heap]
7f38c0000000-7f38c002e000 rw-p 00000000 00:00 0 
7f38c002e000-7f38c4000000 ---p 00000000 00:00 0 
7f38c4000000-7f38c4021000 rw-p 00000000 00:00 0 
7f38c4021000-7f38c8000000 ---p 00000000 00:00 0 
7f38c8000000-7f38c805e000 rw-p 00000000 00:00 0 
7f38c805e000-7f38cc000000 ---p 00000000 00:00 0 
7f38cc000000-7f38cc059000 rw-p 00000000 00:00 0 
7f38cc059000-7f38d0000000 ---p 00000000 00:00 0 
7f38d0000000-7f38d0068000 rw-p 00000000 00:00 0 
7f38d0068000-7f38d4000000 ---p 00000000 00:00 0 
7f38d4000000-7f38d40e6000 rw-p 00000000 00:00 0 
7f38d40e6000-7f38d8000000 ---p 00000000 00:00 0 
7f38d8000000-7f38d811f000 rw-p 00000000 00:00 0 
7f38d811f000-7f38dc000000 ---p 00000000 00:00 0 
7f38de4b3000-7f38e8000000 r--s 00000000 00:1e6a 9223372037562580485      /nix/store/gpxl5qgg8kicmcvivwmybwjlpf7wh20l-graalvm17-ce-22.3.0/lib/modules
7f38e8000000-7f38e803d000 rw-p 00000000 00:00 0 
7f38e803d000-7f38ec000000 ---p 00000000 00:00 0 
7f38ec000000-7f38ec027000 rw-p 00000000 00:00 0 
7f38ec027000-7f38f0000000 ---p 00000000 00:00 0 
7f38f0000000-7f38f0188000 rw-p 00000000 00:00 0 
7f38f0188000-7f38f4000000 ---p 00000000 00:00 0 
7f38f4000000-7f38f40e1000 rw-p 00000000 00:00 0 
7f38f40e1000-7f38f8000000 ---p 00000000 00:00 0 
7f38f8000000-7f38f8021000 rw-p 00000000 00:00 0 
7f38f8021000-7f38fc000000 ---p 00000000 00:00 0 
7f38fc000000-7f38fc0e5000 rw-p 00000000 00:00 0 
7f38fc0e5000-7f3900000000 ---p 00000000 00:00 0 
7f3900000000-7f39000b7000 rw-p 00000000 00:00 0 
7f39000b7000-7f3904000000 ---p 00000000 00:00 0 
7f3904000000-7f3904071000 rw-p 00000000 00:00 0 
7f3904071000-7f3908000000 ---p 00000000 00:00 0 
7f3908000000-7f3908021000 rw-p 00000000 00:00 0 
7f3908021000-7f390c000000 ---p 00000000 00:00 0 
7f390c000000-7f390c337000 rw-p 00000000 00:00 0 
7f390c337000-7f3910000000 ---p 00000000 00:00 0 
7f3910000000-7f3910021000 rw-p 00000000 00:00 0 
7f3910021000-7f3914000000 ---p 00000000 00:00 0 
7f3914000000-7f3914021000 rw-p 00000000 00:00 0 
7f3914021000-7f3918000000 ---p 00000000 00:00 0 
7f3919000000-7f3919300000 rw-p 00000000 00:00 0 
7f3919300000-7f3919320000 rw-p 00000000 00:00 0 
7f3919320000-7f3919400000 ---p 00000000 00:00 0 
7f3919400000-7f3919460000 rw-p 00000000 00:00 0 
7f3919460000-7f3919800000 ---p 00000000 00:00 0 
7f3919800000-7f391a000000 rw-p 00000000 00:00 0 
7f391a000000-7f391a500000 rw-p 00000000 00:00 0 
7f391a500000-7f391a600000 rw-p 00000000 00:00 0 
7f391a600000-7f391a800000 rw-p 00000000 00:00 0 
7f391a800000-7f391a900000 rw-p 00000000 00:00 0 
7f391a900000-7f391a9c0000 rw-p 00000000 00:00 0 
7f391a9c0000-7f391ab00000 rw-p 00000000 00:00 0 
7f391ab00000-7f391ace0000 rw-p 00000000 00:00 0 
7f391ace0000-7f391ad00000 rw-p 00000000 00:00 0 
7f391ad00000-7f391af00000 rw-p 00000000 00:00 0 
7f391af00000-7f391b000000 rw-p 00000000 00:00 0 
7f391b000000-7f391b100000 rw-p 00000000 00:00 0 
7f391b100000-7f391b200000 rw-p 00000000 00:00 0 
7f391b200000-7f391b800000 rw-p 00000000 00:00 0 
7f391b800000-7f391b900000 rw-p 00000000 00:00 0 
7f391b900000-7f391ba00000 rw-p 00000000 00:00 0 
7f391ba00000-7f391bd00000 rw-p 00000000 00:00 0 
7f391bd00000-7f391be00000 rw-p 00000000 00:00 0 
7f391be00000-7f391c000000 rw-p 00000000 00:00 0 
7f391c000000-7f391c91b000 rw-p 00000000 00:00 0 
7f391c91b000-7f3920000000 ---p 00000000 00:00 0 
7f3920000000-7f3920026000 rw-p 00000000 00:00 0 
7f3920026000-7f3924000000 ---p 00000000 00:00 0 
7f3924000000-7f3924021000 rw-p 00000000 00:00 0 
7f3924021000-7f3928000000 ---p 00000000 00:00 0 
7f3928000000-7f3928021000 rw-p 00000000 00:00 0 
7f3928021000-7f392c000000 ---p 00000000 00:00 0 
7f392c000000-7f392c036000 rw-p 00000000 00:00 0 
7f392c036000-7f3930000000 ---p 00000000 00:00 0 
7f3930600000-7f3930610000 r-xp 00000000 00:1e67 350                      /home/runner/.cache/jdt-language-server/config/org.eclipse.equinox.launcher/org.eclipse.equinox.launcher.gtk.linux.x86_64_1.2.400.v20211117-0650/eclipse_11600.so
7f3930610000-7f393080f000 ---p 00010000 00:1e67 350                      /home/runner/.cache/jdt-language-server/config/org.eclipse.equinox.launcher/org.eclipse.equinox.launcher.gtk.linux.x86_64_1.2.400.v20211117-0650/eclipse_11600.so
7f393080f000-7f3930810000 r--p 0000f000 00:1e67 350                      /home/runner/.cache/jdt-language-server/config/org.eclipse.equinox.launcher/org.eclipse.equinox.launcher.gtk.linux.x86_64_1.2.400.v20211117-0650/eclipse_11600.so
7f3930810000-7f3930811000 rw-p 00010000 00:1e67 350                      /home/runner/.cache/jdt-language-server/config/org.eclipse.equinox.launcher/org.eclipse.equinox.launcher.gtk.linux.x86_64_1.2.400.v20211117-0650/eclipse_11600.so
7f3931100000-7f3931200000 ---p 00000000 00:00 0 
7f3931200000-7f39317af000 r--p 01122000 00:1e6a 9223372037562577944      /nix/store/gpxl5qgg8kicmcvivwmybwjlpf7wh20l-graalvm17-ce-22.3.0/lib/libjvmcicompiler.so
7f39317af000-7f3931900000 r--p 00000000 00:00 0 
7f3931900000-7f393193d000 rw-p 00000000 00:00 0 
7f393193d000-7f3931e5d000 rw-p 0185f000 00:1e6a 9223372037562577944      /nix/store/gpxl5qgg8kicmcvivwmybwjlpf7wh20l-graalvm17-ce-22.3.0/lib/libjvmcicompiler.so
7f3931e5d000-7f3932244000 r--p 01d7f000 00:1e6a 9223372037562577944      /nix/store/gpxl5qgg8kicmcvivwmybwjlpf7wh20l-graalvm17-ce-22.3.0/lib/libjvmcicompiler.so
7f3932300000-7f3932304000 ---p 00000000 00:00 0 
7f3932304000-7f3932400000 rw-p 00000000 00:00 0 
7f3932500000-7f3932504000 ---p 00000000 00:00 0 
7f3932504000-7f3932600000 rw-p 00000000 00:00 0 
7f3932700000-7f3932704000 ---p 00000000 00:00 0 
7f3932704000-7f3932800000 rw-p 00000000 00:00 0 
7f3932900000-7f3932904000 ---p 00000000 00:00 0 
7f3932904000-7f3932a00000 rw-p 00000000 00:00 0 
7f3932a00000-7f3932a04000 ---p 00000000 00:00 0 
7f3932a04000-7f3932b00000 rw-p 00000000 00:00 0 
7f3932b00000-7f3932b04000 ---p 00000000 00:00 0 
7f3932b04000-7f3932c00000 rw-p 00000000 00:00 0 
7f3932d00000-7f3932d04000 ---p 00000000 00:00 0 
7f3932d04000-7f3932e00000 rw-p 00000000 00:00 0 
7f3932f00000-7f3932f04000 ---p 00000000 00:00 0 
7f3932f04000-7f3933000000 rw-p 00000000 00:00 0 
7f3933100000-7f3933104000 ---p 00000000 00:00 0 
7f3933104000-7f3933200000 rw-p 00000000 00:00 0 
7f3933300000-7f3933304000 ---p 00000000 00:00 0 
7f3933304000-7f3933400000 rw-p 00000000 00:00 0 
7f3933500000-7f3933504000 ---p 00000000 00:00 0 
7f3933504000-7f3933600000 rw-p 00000000 00:00 0 
7f3933700000-7f3933704000 ---p 00000000 00:00 0 
7f3933704000-7f3933800000 rw-p 00000000 00:00 0 
7f3933900000-7f3933904000 ---p 00000000 00:00 0 
7f3933904000-7f3933a00000 rw-p 00000000 00:00 0 
7f3933b00000-7f3933b04000 ---p 00000000 00:00 0 
7f3933b04000-7f3933c00000 rw-p 00000000 00:00 0 
7f3933d00000-7f3933d04000 ---p 00000000 00:00 0 
7f3933d04000-7f3933e00000 rw-p 00000000 00:00 0 
7f3933f00000-7f3933f04000 ---p 00000000 00:00 0 
7f3933f04000-7f3934000000 rw-p 00000000 00:00 0 
7f3934000000-7f3934004000 ---p 00000000 00:00 0 
7f3934004000-7f3934100000 rw-p 00000000 00:00 0 
7f3934100000-7f3934104000 ---p 00000000 00:00 0 
7f3934104000-7f3934200000 rw-p 00000000 00:00 0 
7f3934300000-7f3934304000 ---p 00000000 00:00 0 
7f3934304000-7f3934400000 rw-p 00000000 00:00 0 
7f3934500000-7f3934504000 ---p 00000000 00:00 0 
7f3934504000-7f3934600000 rw-p 00000000 00:00 0 
7f3934600000-7f3934604000 ---p 00000000 00:00 0 
7f3934604000-7f3934700000 rw-p 00000000 00:00 0 
7f3934700000-7f3934704000 ---p 00000000 00:00 0 
7f3934704000-7f3934800000 rw-p 00000000 00:00 0 
7f3934900000-7f3934904000 ---p 00000000 00:00 0 
7f3934904000-7f3934a00000 rw-p 00000000 00:00 0 
7f39357a9000-7f3935b00000 rw-p 00000000 00:00 0 
7f3935c00000-7f3937d6a000 r-xp 00000000 00:1e6a 9223372037562577944      /nix/store/gpxl5qgg8kicmcvivwmybwjlpf7wh20l-graalvm17-ce-22.3.0/lib/libjvmcicompiler.so
7f3937d6a000-7f3937f69000 ---p 0216a000 00:1e6a 9223372037562577944      /nix/store/gpxl5qgg8kicmcvivwmybwjlpf7wh20l-graalvm17-ce-22.3.0/lib/libjvmcicompiler.so
7f3937f69000-7f3937f6a000 r--p 02169000 00:1e6a 9223372037562577944      /nix/store/gpxl5qgg8kicmcvivwmybwjlpf7wh20l-graalvm17-ce-22.3.0/lib/libjvmcicompiler.so
7f3937f6a000-7f3937f6c000 rw-p 0216a000 00:1e6a 9223372037562577944      /nix/store/gpxl5qgg8kicmcvivwmybwjlpf7wh20l-graalvm17-ce-22.3.0/lib/libjvmcicompiler.so
7f3937f6c000-7f3937f6d000 rw-p 00000000 00:00 0 
7f3937f6d000-7f3937f72000 rw-p 023c3000 00:1e6a 9223372037562577944      /nix/store/gpxl5qgg8kicmcvivwmybwjlpf7wh20l-graalvm17-ce-22.3.0/lib/libjvmcicompiler.so
7f3938000000-7f3938021000 rw-p 00000000 00:00 0 
7f3938021000-7f393c000000 ---p 00000000 00:00 0 
7f393c000000-7f393c021000 rw-p 00000000 00:00 0 
7f393c021000-7f3940000000 ---p 00000000 00:00 0 
7f3940000000-7f3940091000 rw-p 00000000 00:00 0 
7f3940091000-7f3944000000 ---p 00000000 00:00 0 
7f3944000000-7f3944021000 rw-p 00000000 00:00 0 
7f3944021000-7f3948000000 ---p 00000000 00:00 0 
7f3948000000-7f39480da000 rw-p 00000000 00:00 0 
7f39480da000-7f394c000000 ---p 00000000 00:00 0 
7f394c000000-7f394cb37000 rw-p 00000000 00:00 0 
7f394cb37000-7f3950000000 ---p 00000000 00:00 0 
7f3950000000-7f3950021000 rw-p 00000000 00:00 0 
7f3950021000-7f3954000000 ---p 00000000 00:00 0 
7f3954000000-7f3954021000 rw-p 00000000 00:00 0 
7f3954021000-7f3958000000 ---p 00000000 00:00 0 
7f3958000000-7f3958021000 rw-p 00000000 00:00 0 
7f3958021000-7f395c000000 ---p 00000000 00:00 0 
7f395c000000-7f395c021000 rw-p 00000000 00:00 0 
7f395c021000-7f3960000000 ---p 00000000 00:00 0 
7f3960000000-7f3960021000 rw-p 00000000 00:00 0 
7f3960021000-7f3964000000 ---p 00000000 00:00 0 
7f3964000000-7f3964021000 rw-p 00000000 00:00 0 
7f3964021000-7f3968000000 ---p 00000000 00:00 0 
7f3968000000-7f39681d1000 rw-p 00000000 00:00 0 
7f39681d1000-7f396c000000 ---p 00000000 00:00 0 
7f396c09d000-7f396c1de000 rw-p 00000000 00:00 0 
7f396c1de000-7f396c1e2000 ---p 00000000 00:00 0 
7f396c1e2000-7f396c200000 rw-p 00000000 00:00 0 
7f396c305000-7f396c307000 r-xp 00000000 00:1e6a 9223372037562577921      /nix/store/gpxl5qgg8kicmcvivwmybwjlpf7wh20l-graalvm17-ce-22.3.0/lib/libextnet.so
7f396c307000-7f396c308000 r--p 00001000 00:1e6a 9223372037562577921      /nix/store/gpxl5qgg8kicmcvivwmybwjlpf7wh20l-graalvm17-ce-22.3.0/lib/libextnet.so
7f396c308000-7f396c309000 rw-p 00002000 00:1e6a 9223372037562577921      /nix/store/gpxl5qgg8kicmcvivwmybwjlpf7wh20l-graalvm17-ce-22.3.0/lib/libextnet.so
7f396c309000-7f396c30a000 rw-p 00004000 00:1e6a 9223372037562577921      /nix/store/gpxl5qgg8kicmcvivwmybwjlpf7wh20l-graalvm17-ce-22.3.0/lib/libextnet.so
7f396c30a000-7f396c311000 r-xp 00000000 00:1e6a 9223372037562580484      /nix/store/gpxl5qgg8kicmcvivwmybwjlpf7wh20l-graalvm17-ce-22.3.0/lib/libzip.so
7f396c311000-7f396c312000 ---p 00007000 00:1e6a 9223372037562580484      /nix/store/gpxl5qgg8kicmcvivwmybwjlpf7wh20l-graalvm17-ce-22.3.0/lib/libzip.so
7f396c312000-7f396c313000 r--p 00007000 00:1e6a 9223372037562580484      /nix/store/gpxl5qgg8kicmcvivwmybwjlpf7wh20l-graalvm17-ce-22.3.0/lib/libzip.so
7f396c313000-7f396c314000 rw-p 00008000 00:1e6a 9223372037562580484      /nix/store/gpxl5qgg8kicmcvivwmybwjlpf7wh20l-graalvm17-ce-22.3.0/lib/libzip.so
7f396c314000-7f396c316000 rw-p 0000b000 00:1e6a 9223372037562580484      /nix/store/gpxl5qgg8kicmcvivwmybwjlpf7wh20l-graalvm17-ce-22.3.0/lib/libzip.so
7f396c316000-7f396c317000 ---p 00000000 00:00 0 
7f396c317000-7f396c418000 rw-p 00000000 00:00 0 
7f396c418000-7f396c41c000 ---p 00000000 00:00 0 
7f396c41c000-7f396c518000 rw-p 00000000 00:00 0 
7f396c518000-7f396c51c000 ---p 00000000 00:00 0 
7f396c51c000-7f396c618000 rw-p 00000000 00:00 0 
7f396c618000-7f396c61c000 ---p 00000000 00:00 0 
7f396c61c000-7f396c718000 rw-p 00000000 00:00 0 
7f396c718000-7f396c71c000 ---p 00000000 00:00 0 
7f396c71c000-7f396c918000 rw-p 00000000 00:00 0 
7f396c918000-7f396c91c000 ---p 00000000 00:00 0 
7f396c91c000-7f396cb18000 rw-p 00000000 00:00 0 
7f396cb18000-7f396cb1c000 ---p 00000000 00:00 0 
7f396cb1c000-7f396cc18000 rw-p 00000000 00:00 0 
7f396cc18000-7f396cc1c000 ---p 00000000 00:00 0 
7f396cc1c000-7f396cd18000 rw-p 00000000 00:00 0 
7f396cd18000-7f396cd1c000 ---p 00000000 00:00 0 
7f396cd1c000-7f396ce18000 rw-p 00000000 00:00 0 
7f396ce18000-7f396d0fe000 r--p 00000000 00:1e5b 28444448                 /usr/lib/locale/locale-archive
7f396d0fe000-7f396d102000 ---p 00000000 00:00 0 
7f396d102000-7f396d1fe000 rw-p 00000000 00:00 0 
7f396d1fe000-7f396d202000 ---p 00000000 00:00 0 
7f396d202000-7f396d2fe000 rw-p 00000000 00:00 0 
7f396d2fe000-7f396d2ff000 ---p 00000000 00:00 0 
7f396d2ff000-7f396d800000 rw-p 00000000 00:00 0 
7f396d800000-7f396db00000 rw-p 00000000 00:00 0 
7f396db00000-7f396dc00000 rw-p 00000000 00:00 0 
7f396dc01000-7f396dccf000 r-xp 00000000 00:1e6a 9223372037562577940      /nix/store/gpxl5qgg8kicmcvivwmybwjlpf7wh20l-graalvm17-ce-22.3.0/lib/libjsvml.so
7f396dccf000-7f396dcd0000 r--p 000cd000 00:1e6a 9223372037562577940      /nix/store/gpxl5qgg8kicmcvivwmybwjlpf7wh20l-graalvm17-ce-22.3.0/lib/libjsvml.so
7f396dcd0000-7f396dcd1000 rw-p 000ce000 00:1e6a 9223372037562577940      /nix/store/gpxl5qgg8kicmcvivwmybwjlpf7wh20l-graalvm17-ce-22.3.0/lib/libjsvml.so
7f396dcd1000-7f396f4b3000 rw-p 00000000 00:00 0 
7f396f4b3000-7f396f723000 rwxp 00000000 00:00 0 
7f396f723000-7f396fa42000 ---p 00000000 00:00 0 
7f396fa42000-7f39709c2000 rwxp 00000000 00:00 0 
7f39709c2000-7f3976f7a000 ---p 00000000 00:00 0 
7f3976f7a000-7f397720a000 rwxp 00000000 00:00 0 
7f397720a000-7f397e4b3000 ---p 00000000 00:00 0 
7f397e4b3000-7f3988000000 r--s 00000000 00:1e6a 9223372037562580485      /nix/store/gpxl5qgg8kicmcvivwmybwjlpf7wh20l-graalvm17-ce-22.3.0/lib/modules
7f3988000000-7f398865a000 rw-p 00000000 00:00 0 
7f398865a000-7f398c000000 ---p 00000000 00:00 0 
7f398c000000-7f398c015000 r-xp 00000000 00:1e6a 9223372037562580474      /nix/store/gpxl5qgg8kicmcvivwmybwjlpf7wh20l-graalvm17-ce-22.3.0/lib/libnet.so
7f398c015000-7f398c016000 ---p 00015000 00:1e6a 9223372037562580474      /nix/store/gpxl5qgg8kicmcvivwmybwjlpf7wh20l-graalvm17-ce-22.3.0/lib/libnet.so
7f398c016000-7f398c017000 r--p 00015000 00:1e6a 9223372037562580474      /nix/store/gpxl5qgg8kicmcvivwmybwjlpf7wh20l-graalvm17-ce-22.3.0/lib/libnet.so
7f398c017000-7f398c018000 rw-p 00016000 00:1e6a 9223372037562580474      /nix/store/gpxl5qgg8kicmcvivwmybwjlpf7wh20l-graalvm17-ce-22.3.0/lib/libnet.so
7f398c018000-7f398c01b000 rw-p 0001b000 00:1e6a 9223372037562580474      /nix/store/gpxl5qgg8kicmcvivwmybwjlpf7wh20l-graalvm17-ce-22.3.0/lib/libnet.so
7f398c01b000-7f398c02e000 r-xp 00000000 00:1e6a 9223372037562580475      /nix/store/gpxl5qgg8kicmcvivwmybwjlpf7wh20l-graalvm17-ce-22.3.0/lib/libnio.so
7f398c02e000-7f398c02f000 r--p 00012000 00:1e6a 9223372037562580475      /nix/store/gpxl5qgg8kicmcvivwmybwjlpf7wh20l-graalvm17-ce-22.3.0/lib/libnio.so
7f398c02f000-7f398c030000 rw-p 00013000 00:1e6a 9223372037562580475      /nix/store/gpxl5qgg8kicmcvivwmybwjlpf7wh20l-graalvm17-ce-22.3.0/lib/libnio.so
7f398c030000-7f398c035000 rw-p 00019000 00:1e6a 9223372037562580475      /nix/store/gpxl5qgg8kicmcvivwmybwjlpf7wh20l-graalvm17-ce-22.3.0/lib/libnio.so
7f398c035000-7f398c12b000 rw-p 00000000 00:00 0 
7f398c12b000-7f398c12c000 ---p 00000000 00:00 0 
7f398c12c000-7f398c2d7000 rw-p 00000000 00:00 0 
7f398c2d7000-7f398c2ed000 rw-p 00000000 00:00 0 
7f398c2ed000-7f398c32d000 ---p 00000000 00:00 0 
7f398c32d000-7f398c334000 rw-p 00000000 00:00 0 
7f398c334000-7f398c419000 ---p 00000000 00:00 0 
7f398c419000-7f398c438000 rw-p 00000000 00:00 0 
7f398c438000-7f398c504000 ---p 00000000 00:00 0 
7f398c504000-7f398c509000 rw-p 00000000 00:00 0 
7f398c509000-7f398c510000 ---p 00000000 00:00 0 
7f398c510000-7f398c534000 r-xp 00000000 00:1e6a 9223372037562577932      /nix/store/gpxl5qgg8kicmcvivwmybwjlpf7wh20l-graalvm17-ce-22.3.0/lib/libjava.so
7f398c534000-7f398c535000 ---p 00024000 00:1e6a 9223372037562577932      /nix/store/gpxl5qgg8kicmcvivwmybwjlpf7wh20l-graalvm17-ce-22.3.0/lib/libjava.so
7f398c535000-7f398c536000 r--p 00024000 00:1e6a 9223372037562577932      /nix/store/gpxl5qgg8kicmcvivwmybwjlpf7wh20l-graalvm17-ce-22.3.0/lib/libjava.so
7f398c536000-7f398c537000 rw-p 00025000 00:1e6a 9223372037562577932      /nix/store/gpxl5qgg8kicmcvivwmybwjlpf7wh20l-graalvm17-ce-22.3.0/lib/libjava.so
7f398c537000-7f398c538000 rw-p 00000000 00:00 0 
7f398c538000-7f398c53f000 rw-p 0002f000 00:1e6a 9223372037562577932      /nix/store/gpxl5qgg8kicmcvivwmybwjlpf7wh20l-graalvm17-ce-22.3.0/lib/libjava.so
7f398c53f000-7f398c547000 rw-s 00000000 00:28e 347                       /tmp/hsperfdata_runner/24
7f398c547000-7f398c548000 ---p 00000000 00:00 0 
7f398c548000-7f398c549000 r--p 00000000 00:00 0 
7f398c549000-7f398c54a000 rwxp 00000000 00:00 0 
7f398c54a000-7f398c565000 r-xp 00000000 00:1e6a 9223372037562577936      /nix/store/gpxl5qgg8kicmcvivwmybwjlpf7wh20l-graalvm17-ce-22.3.0/lib/libjimage.so
7f398c565000-7f398c566000 ---p 0001b000 00:1e6a 9223372037562577936      /nix/store/gpxl5qgg8kicmcvivwmybwjlpf7wh20l-graalvm17-ce-22.3.0/lib/libjimage.so
7f398c566000-7f398c568000 r--p 0001b000 00:1e6a 9223372037562577936      /nix/store/gpxl5qgg8kicmcvivwmybwjlpf7wh20l-graalvm17-ce-22.3.0/lib/libjimage.so
7f398c568000-7f398c569000 rw-p 0001d000 00:1e6a 9223372037562577936      /nix/store/gpxl5qgg8kicmcvivwmybwjlpf7wh20l-graalvm17-ce-22.3.0/lib/libjimage.so
7f398c569000-7f398c56a000 rw-p 00024000 00:1e6a 9223372037562577936      /nix/store/gpxl5qgg8kicmcvivwmybwjlpf7wh20l-graalvm17-ce-22.3.0/lib/libjimage.so
7f398c56a000-7f398c56e000 ---p 00000000 00:00 0 
7f398c56e000-7f398c66a000 rw-p 00000000 00:00 0 
7f398c66a000-7f398c678000 r--p 00000000 00:1e6a 9223372037455367831      /nix/store/4nlgxhb09sdr51nc9hdm8az5b08vzkgx-glibc-2.35-163/lib/libm.so.6
7f398c678000-7f398c6eb000 r-xp 0000e000 00:1e6a 9223372037455367831      /nix/store/4nlgxhb09sdr51nc9hdm8az5b08vzkgx-glibc-2.35-163/lib/libm.so.6
7f398c6eb000-7f398c748000 r--p 00081000 00:1e6a 9223372037455367831      /nix/store/4nlgxhb09sdr51nc9hdm8az5b08vzkgx-glibc-2.35-163/lib/libm.so.6
7f398c748000-7f398c749000 r--p 000dd000 00:1e6a 9223372037455367831      /nix/store/4nlgxhb09sdr51nc9hdm8az5b08vzkgx-glibc-2.35-163/lib/libm.so.6
7f398c749000-7f398c74a000 rw-p 000de000 00:1e6a 9223372037455367831      /nix/store/4nlgxhb09sdr51nc9hdm8az5b08vzkgx-glibc-2.35-163/lib/libm.so.6
7f398c74a000-7f398c74b000 r--p 00000000 00:1e6a 9223372037455367850      /nix/store/4nlgxhb09sdr51nc9hdm8az5b08vzkgx-glibc-2.35-163/lib/librt.so.1
7f398c74b000-7f398c74c000 r-xp 00001000 00:1e6a 9223372037455367850      /nix/store/4nlgxhb09sdr51nc9hdm8az5b08vzkgx-glibc-2.35-163/lib/librt.so.1
7f398c74c000-7f398c74d000 r--p 00002000 00:1e6a 9223372037455367850      /nix/store/4nlgxhb09sdr51nc9hdm8az5b08vzkgx-glibc-2.35-163/lib/librt.so.1
7f398c74d000-7f398c74e000 r--p 00002000 00:1e6a 9223372037455367850      /nix/store/4nlgxhb09sdr51nc9hdm8az5b08vzkgx-glibc-2.35-163/lib/librt.so.1
7f398c74e000-7f398c74f000 rw-p 00003000 00:1e6a 9223372037455367850      /nix/store/4nlgxhb09sdr51nc9hdm8az5b08vzkgx-glibc-2.35-163/lib/librt.so.1
7f398c74f000-7f398d862000 r-xp 00000000 00:1e6a 9223372037562748770      /nix/store/gpxl5qgg8kicmcvivwmybwjlpf7wh20l-graalvm17-ce-22.3.0/lib/server/libjvm.so
7f398d862000-7f398d863000 ---p 01113000 00:1e6a 9223372037562748770      /nix/store/gpxl5qgg8kicmcvivwmybwjlpf7wh20l-graalvm17-ce-22.3.0/lib/server/libjvm.so
7f398d863000-7f398d918000 r--p 01113000 00:1e6a 9223372037562748770      /nix/store/gpxl5qgg8kicmcvivwmybwjlpf7wh20l-graalvm17-ce-22.3.0/lib/server/libjvm.so
7f398d918000-7f398d94c000 rw-p 011c8000 00:1e6a 9223372037562748770      /nix/store/gpxl5qgg8kicmcvivwmybwjlpf7wh20l-graalvm17-ce-22.3.0/lib/server/libjvm.so
7f398d94c000-7f398d9a8000 rw-p 00000000 00:00 0 
7f398d9a8000-7f398d9d0000 r--p 00000000 00:1e6a 9223372037455367822      /nix/store/4nlgxhb09sdr51nc9hdm8az5b08vzkgx-glibc-2.35-163/lib/libc.so.6
7f398d9d0000-7f398db46000 r-xp 00028000 00:1e6a 9223372037455367822      /nix/store/4nlgxhb09sdr51nc9hdm8az5b08vzkgx-glibc-2.35-163/lib/libc.so.6
7f398db46000-7f398db9e000 r--p 0019e000 00:1e6a 9223372037455367822      /nix/store/4nlgxhb09sdr51nc9hdm8az5b08vzkgx-glibc-2.35-163/lib/libc.so.6
7f398db9e000-7f398dba2000 r--p 001f6000 00:1e6a 9223372037455367822      /nix/store/4nlgxhb09sdr51nc9hdm8az5b08vzkgx-glibc-2.35-163/lib/libc.so.6
7f398dba2000-7f398dba4000 rw-p 001fa000 00:1e6a 9223372037455367822      /nix/store/4nlgxhb09sdr51nc9hdm8az5b08vzkgx-glibc-2.35-163/lib/libc.so.6
7f398dba4000-7f398dbb3000 rw-p 00000000 00:00 0 
7f398dbb3000-7f398dbb4000 r--p 00000000 00:1e6a 9223372037455367827      /nix/store/4nlgxhb09sdr51nc9hdm8az5b08vzkgx-glibc-2.35-163/lib/libdl.so.2
7f398dbb4000-7f398dbb5000 r-xp 00001000 00:1e6a 9223372037455367827      /nix/store/4nlgxhb09sdr51nc9hdm8az5b08vzkgx-glibc-2.35-163/lib/libdl.so.2
7f398dbb5000-7f398dbb6000 r--p 00002000 00:1e6a 9223372037455367827      /nix/store/4nlgxhb09sdr51nc9hdm8az5b08vzkgx-glibc-2.35-163/lib/libdl.so.2
7f398dbb6000-7f398dbb7000 r--p 00002000 00:1e6a 9223372037455367827      /nix/store/4nlgxhb09sdr51nc9hdm8az5b08vzkgx-glibc-2.35-163/lib/libdl.so.2
7f398dbb7000-7f398dbb8000 rw-p 00003000 00:1e6a 9223372037455367827      /nix/store/4nlgxhb09sdr51nc9hdm8az5b08vzkgx-glibc-2.35-163/lib/libdl.so.2
7f398dbb8000-7f398dbb9000 r--p 00000000 00:1e6a 9223372037455367846      /nix/store/4nlgxhb09sdr51nc9hdm8az5b08vzkgx-glibc-2.35-163/lib/libpthread.so.0
7f398dbb9000-7f398dbba000 r-xp 00001000 00:1e6a 9223372037455367846      /nix/store/4nlgxhb09sdr51nc9hdm8az5b08vzkgx-glibc-2.35-163/lib/libpthread.so.0
7f398dbba000-7f398dbbb000 r--p 00002000 00:1e6a 9223372037455367846      /nix/store/4nlgxhb09sdr51nc9hdm8az5b08vzkgx-glibc-2.35-163/lib/libpthread.so.0
7f398dbbb000-7f398dbbc000 r--p 00002000 00:1e6a 9223372037455367846      /nix/store/4nlgxhb09sdr51nc9hdm8az5b08vzkgx-glibc-2.35-163/lib/libpthread.so.0
7f398dbbc000-7f398dbbd000 rw-p 00003000 00:1e6a 9223372037455367846      /nix/store/4nlgxhb09sdr51nc9hdm8az5b08vzkgx-glibc-2.35-163/lib/libpthread.so.0
7f398dbbd000-7f398dbcb000 r-xp 00000000 00:1e6a 9223372037562577937      /nix/store/gpxl5qgg8kicmcvivwmybwjlpf7wh20l-graalvm17-ce-22.3.0/lib/libjli.so
7f398dbcb000-7f398dbcc000 ---p 0000e000 00:1e6a 9223372037562577937      /nix/store/gpxl5qgg8kicmcvivwmybwjlpf7wh20l-graalvm17-ce-22.3.0/lib/libjli.so
7f398dbcc000-7f398dbcd000 r--p 0000e000 00:1e6a 9223372037562577937      /nix/store/gpxl5qgg8kicmcvivwmybwjlpf7wh20l-graalvm17-ce-22.3.0/lib/libjli.so
7f398dbcd000-7f398dbce000 rw-p 0000f000 00:1e6a 9223372037562577937      /nix/store/gpxl5qgg8kicmcvivwmybwjlpf7wh20l-graalvm17-ce-22.3.0/lib/libjli.so
7f398dbce000-7f398dbcf000 rw-p 00012000 00:1e6a 9223372037562577937      /nix/store/gpxl5qgg8kicmcvivwmybwjlpf7wh20l-graalvm17-ce-22.3.0/lib/libjli.so
7f398dbcf000-7f398dbd2000 r--p 00000000 00:1e6a 9223372037533597975      /nix/store/026hln0aq1hyshaxsdvhg0kmcm6yf45r-zlib-1.2.13/lib/libz.so.1.2.13
7f398dbd2000-7f398dbe4000 r-xp 00003000 00:1e6a 9223372037533597975      /nix/store/026hln0aq1hyshaxsdvhg0kmcm6yf45r-zlib-1.2.13/lib/libz.so.1.2.13
7f398dbe4000-7f398dbeb000 r--p 00015000 00:1e6a 9223372037533597975      /nix/store/026hln0aq1hyshaxsdvhg0kmcm6yf45r-zlib-1.2.13/lib/libz.so.1.2.13
7f398dbeb000-7f398dbec000 r--p 0001b000 00:1e6a 9223372037533597975      /nix/store/026hln0aq1hyshaxsdvhg0kmcm6yf45r-zlib-1.2.13/lib/libz.so.1.2.13
7f398dbec000-7f398dbed000 rw-p 0001c000 00:1e6a 9223372037533597975      /nix/store/026hln0aq1hyshaxsdvhg0kmcm6yf45r-zlib-1.2.13/lib/libz.so.1.2.13
7f398dbed000-7f398dbef000 rw-p 00000000 00:00 0 
7f398dbef000-7f398dbf1000 r--p 00000000 00:1e6a 9223372037455367816      /nix/store/4nlgxhb09sdr51nc9hdm8az5b08vzkgx-glibc-2.35-163/lib/ld-linux-x86-64.so.2
7f398dbf1000-7f398dc18000 r-xp 00002000 00:1e6a 9223372037455367816      /nix/store/4nlgxhb09sdr51nc9hdm8az5b08vzkgx-glibc-2.35-163/lib/ld-linux-x86-64.so.2
7f398dc18000-7f398dc24000 r--p 00029000 00:1e6a 9223372037455367816      /nix/store/4nlgxhb09sdr51nc9hdm8az5b08vzkgx-glibc-2.35-163/lib/ld-linux-x86-64.so.2
7f398dc24000-7f398dc26000 r--p 00034000 00:1e6a 9223372037455367816      /nix/store/4nlgxhb09sdr51nc9hdm8az5b08vzkgx-glibc-2.35-163/lib/ld-linux-x86-64.so.2
7f398dc26000-7f398dc28000 rw-p 00036000 00:1e6a 9223372037455367816      /nix/store/4nlgxhb09sdr51nc9hdm8az5b08vzkgx-glibc-2.35-163/lib/ld-linux-x86-64.so.2
7ffdd2952000-7ffdd2976000 rw-p 00000000 00:00 0                          [stack]
7ffdd29ca000-7ffdd29ce000 r--p 00000000 00:00 0                          [vvar]
7ffdd29ce000-7ffdd29d0000 r-xp 00000000 00:00 0                          [vdso]
ffffffffff600000-ffffffffff601000 --xp 00000000 00:00 0                  [vsyscall]


VM Arguments:
jvm_args: -XX:ThreadPriorityPolicy=1 -XX:+UnlockExperimentalVMOptions -XX:+EnableJVMCIProduct -XX:JVMCIThreadsPerNativeLibraryRuntime=1 -XX:-UnlockExperimentalVMOptions -Declipse.application=org.eclipse.jdt.ls.core.id1 -Dosgi.bundles.defaultStartLevel=4 -Declipse.product=org.eclipse.jdt.ls.core.product -Dlog.level=ALL -Xverify:none -XX:+UseParallelGC -XX:GCTimeRatio=4 -XX:AdaptiveSizePolicyWeight=90 -Dsun.zip.disableMemoryMapping=true -Xmx512m -Xms100m 
java_command: /nix/store/m6gcpi1ii6rghy04cjwjddcavv7i90df-jdt-language-server-1.9.0/share/java/plugins/org.eclipse.equinox.launcher_1.6.400.v20210924-0641.jar --add-modules=ALL-SYSTEM --add-opens java.base/java.util=ALL-UNNAMED --add-opens java.base/java.lang=ALL-UNNAMED -configuration /home/runner/.cache/jdt-language-server/config -data /home/runner/.cache/jdt-language-server/data/home/runner/JIRA-System-Design
java_class_path (initial): /nix/store/m6gcpi1ii6rghy04cjwjddcavv7i90df-jdt-language-server-1.9.0/share/java/plugins/org.eclipse.equinox.launcher_1.6.400.v20210924-0641.jar
Launcher Type: SUN_STANDARD

[Global flags]
    uintx AdaptiveSizePolicyWeight                 = 90                                        {product} {command line}
     intx CICompilerCount                          = 2                                         {product} {ergonomic}
     bool EnableJVMCIProduct                       = true                                {JVMCI product} {jimage}
    uintx GCTimeRatio                              = 4                                         {product} {command line}
   size_t InitialHeapSize                          = 104857600                                 {product} {command line}
     uint JVMCIThreadsPerNativeLibraryRuntime      = 1                                   {JVMCI product} {jimage}
   size_t MaxHeapSize                              = 536870912                                 {product} {command line}
   size_t MaxNewSize                               = 178782208                                 {product} {ergonomic}
   size_t MinHeapDeltaBytes                        = 524288                                    {product} {ergonomic}
   size_t MinHeapSize                              = 104857600                                 {product} {command line}
   size_t NewSize                                  = 34603008                                  {product} {ergonomic}
    uintx NonNMethodCodeHeapSize                   = 5826188                                {pd product} {ergonomic}
    uintx NonProfiledCodeHeapSize                  = 122916026                              {pd product} {ergonomic}
   size_t OldSize                                  = 70254592                                  {product} {ergonomic}
    uintx ProfiledCodeHeapSize                     = 122916026                              {pd product} {ergonomic}
    uintx ReservedCodeCacheSize                    = 251658240                              {pd product} {ergonomic}
     bool SegmentedCodeCache                       = true                                      {product} {ergonomic}
   size_t SoftMaxHeapSize                          = 536870912                              {manageable} {ergonomic}
     intx ThreadPriorityPolicy                     = 1                                         {product} {jimage}
     bool UseCompressedClassPointers               = true                           {product lp64_product} {ergonomic}
     bool UseCompressedOops                        = true                           {product lp64_product} {ergonomic}
     bool UseParallelGC                            = true                                      {product} {command line}

Logging:
Log output configuration:
 #0: stdout all=warning uptime,level,tags
 #1: stderr all=off uptime,level,tags

Environment Variables:
JAVA_HOME=/nix/store/gpxl5qgg8kicmcvivwmybwjlpf7wh20l-graalvm17-ce-22.3.0
PATH=/nix/store/1d6ian3r8kdzspw8hacjhl3xkp40g1lj-binutils-wrapper-2.39/bin:/nix/store/dq0xwmsk1g0i2ayg6pb7y87na2knzylh-gcc-wrapper-11.3.0/bin:/nix/store/bap4d0lpcrhpwmpb8ayjcgkmvfj62lnq-bash-interactive-5.1-p16/bin:/nix/store/pr5n59mb4jzmfx6kanwxly0l07p861fg-patchelf-0.15.0/bin:/nix/store/1gf2flfqnpqbr1b4p4qz2f72y42bs56r-gcc-11.3.0/bin:/nix/store/57xv61c5zi8pphjbcwxxjlgc34p61ic9-glibc-2.35-163-bin/bin:/nix/store/a7gvj343m05j2s32xcnwr35v31ynlypr-coreutils-9.1/bin:/nix/store/039g378vc3pc3dvi9dzdlrd0i4q93qwf-binutils-2.39/bin:/nix/store/gpxl5qgg8kicmcvivwmybwjlpf7wh20l-graalvm17-ce-22.3.0/bin:/nix/store/6z9ag3ihc8mq2hzsw48lhbznvzny65nz-apache-maven-3.8.6/bin:/nix/store/m6gcpi1ii6rghy04cjwjddcavv7i90df-jdt-language-server-1.9.0/bin:/nix/store/84xs5alhs01zrbr4ywm05kxbjbp5590l-java-debug/bin:/nix/store/mydc6f4k2z73xlcz7ilif3v2lcaiqvza-findutils-4.9.0/bin:/nix/store/j9p3g8472iijd50vhdprx0nmk2fqn5gv-diffutils-3.8/bin:/nix/store/89zs7rms6x00xfq4dq6m7mjnhkr8a6r4-gnused-4.8/bin:/nix/store/86bp03jkmsl6f92w0yzg4s59g5mhxwmy-gnugrep-3.7/bin:/nix/store/hwcdqw4jrjnd37wxqgsd47hd0j8bnj09-gawk-5.1.1/bin:/nix/store/cfbhw8r8ags41vwqaz47r583d0p4h4a1-gnutar-1.34/bin:/nix/store/p3m1ndl1lapwrlh698bnb5lvvxh67378-gzip-1.12/bin:/nix/store/a8mhcagrsly7c7mpjrpsnaahk4aax056-bzip2-1.0.8-bin/bin:/nix/store/mblgz65m3zv9x548a3d5m96fj2pbwr09-gnumake-4.3/bin:/nix/store/dsd5gz46hdbdk2rfdimqddhq6m8m8fqs-bash-5.1-p16/bin:/nix/store/v7ljksji50mg3w61dykaa3n3y79n6nil-patch-2.7.6/bin:/nix/store/zlcnmqq14jz5x9439jf937mvayyl63da-xz-5.2.7-bin/bin:/nix/store/y6aj732zm9m87c82fpvf103a1xb22blp-file-5.43/bin:/nix/store/sgqd0ajghcv2axfl1lad0b1alyavp0dc-prybar-elisp-0.0.0-67f7a00/bin:/nix/store/p3hsvljpgs68jqwar41lc0jqhjj734lf-prybar-lua-0.0.0-67f7a00/bin:/nix/store/qzxs2gybds3s9kb1vkaflpgm2nwr85fh-prybar-python3-0.0.0-67f7a00/bin:/nix/store/km94z9mxp8w4m8gxxp5mbfpdf3nkfvd8-prybar-sqlite-0.0.0-67f7a00/bin:/nix/store/2pnc7b76asw0z59c4l6h6qy8arwqrii1-prybar-tcl-0.0.0-67f7a00/bin:/nix/store/hpbvrlwd5viqmvcaisb3x0118i913a9n-st
LD_LIBRARY_PATH=/nix/store/a4pff549sk2idnkpzk5nsfps3mdkdnvm-cups-2.4.2-lib/lib:/nix/store/72mqxxhh3cy5yifh92wh2yb8cl2hikyy-cairo-1.16.0/lib:/nix/store/2k366jrbsra97gjfxwvrhvixjfxdach5-glib-2.74.1/lib:/nix/store/2j2znigd8ak37rlwh9khz0ry3clqlw1l-gtk+3-3.24.34/lib:/nix/store/hisqvx32cd57apbpcsnkpx6k3549wql1-libglvnd-1.4.0/lib:/nix/store/p36pgcv991mq5srvg765b78yqpxvk3qs-mesa-21.3.3-drivers/lib:/nix/store/mav4251if1ahjq5vkpwycyyvnmy459c4-pulseaudio-14.2/lib
DISPLAY=:0
LANG=en_US.UTF-8

Signal Handlers:
   SIGSEGV: crash_handler in libjvm.so, mask=11100100010111111101111111111110, flags=SA_RESTART|SA_SIGINFO
    SIGBUS: crash_handler in libjvm.so, mask=11100100010111111101111111111110, flags=SA_RESTART|SA_SIGINFO
    SIGFPE: crash_handler in libjvm.so, mask=11100100010111111101111111111110, flags=SA_RESTART|SA_SIGINFO
   SIGPIPE: IsolateEnterStub_IgnoreSIGPIPEStartupHook_noopSignalHandler_8f19bff2f35b5f630d83b364d6b2339320d4ec70_216e8361c6bc87a8f89f58cc10d3b2fd4415bf87 in libjvmcicompiler.so, mask=00000000000000000000000000000000, flags=SA_RESTART
  *** Handler was modified!
  *** Expected: javaSignalHandler in libjvm.so, mask=11100100110111111111111111111110, flags=SA_RESTART|SA_SIGINFO
   SIGXFSZ: javaSignalHandler in libjvm.so, mask=11100100010111111101111111111110, flags=SA_RESTART|SA_SIGINFO
    SIGILL: crash_handler in libjvm.so, mask=11100100010111111101111111111110, flags=SA_RESTART|SA_SIGINFO
   SIGUSR2: SR_handler in libjvm.so, mask=00000000000000000000000000000000, flags=SA_RESTART|SA_SIGINFO
    SIGHUP: UserHandler in libjvm.so, mask=11100100010111111101111111111110, flags=SA_RESTART|SA_SIGINFO
    SIGINT: UserHandler in libjvm.so, mask=11100100010111111101111111111110, flags=SA_RESTART|SA_SIGINFO
   SIGTERM: UserHandler in libjvm.so, mask=11100100010111111101111111111110, flags=SA_RESTART|SA_SIGINFO
   SIGQUIT: UserHandler in libjvm.so, mask=11100100010111111101111111111110, flags=SA_RESTART|SA_SIGINFO
  *** Handler was modified!
  *** Expected: javaSignalHandler in libjvm.so, mask=11100100110111111111111111111110, flags=SA_RESTART|SA_SIGINFO
   SIGTRAP: crash_handler in libjvm.so, mask=11100100010111111101111111111110, flags=SA_RESTART|SA_SIGINFO


---------------  S Y S T E M  ---------------

OS:
DISTRIB_ID=Ubuntu
DISTRIB_RELEASE=20.04
DISTRIB_CODENAME=focal
DISTRIB_DESCRIPTION="Ubuntu 20.04.2 LTS"
uname: Linux 5.15.0-1025-gcp #32~20.04.2-Ubuntu SMP Tue Nov 29 08:31:04 UTC 2022 x86_64
OS uptime: 0 days 10:52 hours
libc: glibc 2.35 NPTL 2.35 
rlimit (soft/hard): STACK 8192k/infinity , CORE infinity/infinity , NPROC infinity/infinity , NOFILE 5242/5242 , AS infinity/infinity , CPU infinity/infinity , DATA infinity/infinity , FSIZE infinity/infinity , MEMLOCK 64k/64k
load average: 17.14 14.94 13.02

/proc/meminfo:
MemTotal:       65852732 kB
MemFree:        15559236 kB
MemAvailable:   45890140 kB
Buffers:         2450080 kB
Cached:         26392768 kB
SwapCached:            0 kB
Active:         10207692 kB
Inactive:       35738744 kB
Active(anon):      51976 kB
Inactive(anon): 16705220 kB
Active(file):   10155716 kB
Inactive(file): 19033524 kB
Unevictable:       43556 kB
Mlocked:           43556 kB
SwapTotal:             0 kB
SwapFree:              0 kB
Dirty:              4816 kB
Writeback:             0 kB
AnonPages:      15864384 kB
Mapped:          2891792 kB
Shmem:            248256 kB
KReclaimable:    1868264 kB
Slab:            3272308 kB
SReclaimable:    1868264 kB
SUnreclaim:      1404044 kB
KernelStack:      408672 kB
PageTables:       192864 kB
NFS_Unstable:          0 kB
Bounce:                0 kB
WritebackTmp:          0 kB
CommitLimit:    32926364 kB
Committed_AS:   79438644 kB
VmallocTotal:   34359738367 kB
VmallocUsed:      456776 kB
VmallocChunk:          0 kB
Percpu:           100640 kB
HardwareCorrupted:     0 kB
AnonHugePages:    342016 kB
ShmemHugePages:        0 kB
ShmemPmdMapped:        0 kB
FileHugePages:         0 kB
FilePmdMapped:         0 kB
HugePages_Total:       0
HugePages_Free:        0
HugePages_Rsvd:        0
HugePages_Surp:        0
Hugepagesize:       2048 kB
Hugetlb:               0 kB
DirectMap4k:     4195136 kB
DirectMap2M:    51376128 kB
DirectMap1G:    13631488 kB

/sys/kernel/mm/transparent_hugepage/enabled: always [madvise] never
/sys/kernel/mm/transparent_hugepage/defrag (defrag/compaction efforts parameter): always defer defer+madvise [madvise] never

Process Memory:
Virtual Size: 4854872K (peak: 4894524K)
Resident Set Size: 723848K (peak: 760676K) (anon: 527132K, file: 196716K, shmem: 0K)
Swapped out: 0K
C-Heap outstanding allocations: 41761K, retained: 16546K
glibc malloc tunables: (default)

/proc/sys/kernel/threads-max (system-wide limit on the number of threads): 514406
/proc/sys/vm/max_map_count (maximum number of memory map areas a process may have): 65530
/proc/sys/kernel/pid_max (system-wide limit on number of process identifiers): 4194304

container (cgroup) information:
container_type: cgroupv1
cpu_cpuset_cpus: 2-7
cpu_memory_nodes: 0
active_processor_count: 1
cpu_quota: 50000
cpu_period: 100000
cpu_shares: 512
memory_limit_in_bytes: 1048576 k
memory_and_swap_limit_in_bytes: 1048576 k
memory_soft_limit_in_bytes: 524288 k
memory_usage_in_bytes: 560860 k
memory_max_usage_in_bytes: 592776 k
maximum number of tasks: 1000
current number of tasks: 50

KVM virtualization detected
Steal ticks since vm start: 0
Steal ticks percentage since vm start:  0.000

CPU: total 8 (initial active 1) (8 cores per cpu, 2 threads per core) family 23 model 49 stepping 0 microcode 0xffffffff, cx8, cmov, fxsr, ht, mmx, 3dnowpref, sse, sse2, sse3, ssse3, sse4a, sse4.1, sse4.2, popcnt, lzcnt, tsc, tscinvbit, avx, avx2, aes, clmul, bmi1, bmi2, adx, sha, fma, vzeroupper, clflush, clflushopt, hv
CPU Model and flags from /proc/cpuinfo:
model name	: AMD EPYC 7B12
flags		: fpu vme de pse tsc msr pae mce cx8 apic sep mtrr pge mca cmov pat pse36 clflush mmx fxsr sse sse2 ht syscall nx mmxext fxsr_opt pdpe1gb rdtscp lm constant_tsc rep_good nopl nonstop_tsc cpuid extd_apicid tsc_known_freq pni pclmulqdq ssse3 fma cx16 sse4_1 sse4_2 movbe popcnt aes xsave avx f16c rdrand hypervisor lahf_lm cmp_legacy cr8_legacy abm sse4a misalignsse 3dnowprefetch osvw topoext ssbd ibrs ibpb stibp vmmcall fsgsbase tsc_adjust bmi1 avx2 smep bmi2 rdseed adx smap clflushopt clwb sha_ni xsaveopt xsavec xgetbv1 clzero xsaveerptr arat npt nrip_save umip rdpid

Online cpus: 0-7
Offline cpus: 
BIOS frequency limitation: <Not Available>
Frequency switch latency (ns): <Not Available>
Available cpu frequencies: <Not Available>
Current governor: <Not Available>
Core performance/turbo boost: <Not Available>

Memory: 4k page, physical 1048576k(487708k free), swap 0k(0k free)
Page Sizes: 4k

vm_info: OpenJDK 64-Bit Server VM (17.0.5+8-jvmci-22.3-b08) for linux-amd64 JRE (17.0.5+8-jvmci-22.3-b08), built on Oct 19 2022 09:01:27 by "buildslave" with gcc 10.3.0

END.
